{"C:\\Users\\Maria Candido\\Downloads\\ProjectoMC-main\\backend\\src\\app.js": {"path":"C:\\Users\\Maria Candido\\Downloads\\ProjectoMC-main\\backend\\src\\app.js","statementMap":{"0":{"start":{"line":5,"column":16},"end":{"line":5,"column":34}},"1":{"start":{"line":6,"column":13},"end":{"line":6,"column":28}},"2":{"start":{"line":7,"column":15},"end":{"line":7,"column":32}},"3":{"start":{"line":8,"column":15},"end":{"line":8,"column":32}},"4":{"start":{"line":9,"column":18},"end":{"line":9,"column":47}},"5":{"start":{"line":10,"column":24},"end":{"line":10,"column":48}},"6":{"start":{"line":11,"column":42},"end":{"line":11,"column":79}},"7":{"start":{"line":12,"column":15},"end":{"line":12,"column":34}},"8":{"start":{"line":13,"column":15},"end":{"line":13,"column":41}},"9":{"start":{"line":15,"column":12},"end":{"line":15,"column":21}},"10":{"start":{"line":18,"column":0},"end":{"line":18,"column":18}},"11":{"start":{"line":21,"column":0},"end":{"line":21,"column":27}},"12":{"start":{"line":24,"column":16},"end":{"line":30,"column":2}},"13":{"start":{"line":31,"column":0},"end":{"line":31,"column":17}},"14":{"start":{"line":34,"column":0},"end":{"line":34,"column":85}},"15":{"start":{"line":34,"column":55},"end":{"line":34,"column":78}},"16":{"start":{"line":37,"column":0},"end":{"line":37,"column":41}},"17":{"start":{"line":38,"column":0},"end":{"line":38,"column":63}},"18":{"start":{"line":41,"column":0},"end":{"line":43,"column":3}},"19":{"start":{"line":42,"column":2},"end":{"line":42,"column":66}},"20":{"start":{"line":46,"column":0},"end":{"line":46,"column":24}},"21":{"start":{"line":49,"column":18},"end":{"line":49,"column":47}},"22":{"start":{"line":50,"column":20},"end":{"line":50,"column":45}},"23":{"start":{"line":51,"column":0},"end":{"line":51,"column":68}},"24":{"start":{"line":54,"column":0},"end":{"line":54,"column":25}},"25":{"start":{"line":55,"column":0},"end":{"line":55,"column":22}},"26":{"start":{"line":57,"column":0},"end":{"line":57,"column":21}}},"fnMap":{"0":{"name":"(anonymous_0)","decl":{"start":{"line":34,"column":46},"end":{"line":34,"column":47}},"loc":{"start":{"line":34,"column":55},"end":{"line":34,"column":78}},"line":34},"1":{"name":"(anonymous_1)","decl":{"start":{"line":41,"column":19},"end":{"line":41,"column":20}},"loc":{"start":{"line":41,"column":33},"end":{"line":43,"column":1}},"line":41}},"branchMap":{"0":{"loc":{"start":{"line":25,"column":12},"end":{"line":25,"column":76}},"type":"binary-expr","locations":[{"start":{"line":25,"column":12},"end":{"line":25,"column":58}},{"start":{"line":25,"column":62},"end":{"line":25,"column":76}}],"line":25},"1":{"loc":{"start":{"line":26,"column":7},"end":{"line":26,"column":54}},"type":"binary-expr","locations":[{"start":{"line":26,"column":7},"end":{"line":26,"column":47}},{"start":{"line":26,"column":51},"end":{"line":26,"column":54}}],"line":26}},"s":{"0":1,"1":1,"2":1,"3":1,"4":1,"5":1,"6":1,"7":1,"8":1,"9":1,"10":1,"11":1,"12":1,"13":1,"14":1,"15":3,"16":1,"17":1,"18":1,"19":1,"20":1,"21":1,"22":1,"23":1,"24":1,"25":1,"26":1},"f":{"0":3,"1":1},"b":{"0":[1,1],"1":[1,1]},"_coverageSchema":"1a1c01bbd47fc00a2c39e90264f33305004495a9","hash":"34808d67ff0d8b6bfb9eea191cfeef190c6e5fac"}
,"C:\\Users\\Maria Candido\\Downloads\\ProjectoMC-main\\backend\\src\\config\\cors.js": {"path":"C:\\Users\\Maria Candido\\Downloads\\ProjectoMC-main\\backend\\src\\config\\cors.js","statementMap":{"0":{"start":{"line":4,"column":23},"end":{"line":7,"column":18}},"1":{"start":{"line":6,"column":14},"end":{"line":6,"column":22}},"2":{"start":{"line":9,"column":20},"end":{"line":20,"column":1}},"3":{"start":{"line":11,"column":4},"end":{"line":15,"column":5}},"4":{"start":{"line":12,"column":6},"end":{"line":12,"column":27}},"5":{"start":{"line":14,"column":6},"end":{"line":14,"column":60}},"6":{"start":{"line":22,"column":0},"end":{"line":22,"column":49}}},"fnMap":{"0":{"name":"(anonymous_0)","decl":{"start":{"line":6,"column":7},"end":{"line":6,"column":8}},"loc":{"start":{"line":6,"column":14},"end":{"line":6,"column":22}},"line":6},"1":{"name":"(anonymous_1)","decl":{"start":{"line":10,"column":10},"end":{"line":10,"column":11}},"loc":{"start":{"line":10,"column":32},"end":{"line":16,"column":3}},"line":10}},"branchMap":{"0":{"loc":{"start":{"line":4,"column":24},"end":{"line":4,"column":74}},"type":"binary-expr","locations":[{"start":{"line":4,"column":24},"end":{"line":4,"column":47}},{"start":{"line":4,"column":51},"end":{"line":4,"column":74}}],"line":4},"1":{"loc":{"start":{"line":11,"column":4},"end":{"line":15,"column":5}},"type":"if","locations":[{"start":{"line":11,"column":4},"end":{"line":15,"column":5}},{"start":{"line":13,"column":11},"end":{"line":15,"column":5}}],"line":11},"2":{"loc":{"start":{"line":11,"column":8},"end":{"line":11,"column":50}},"type":"binary-expr","locations":[{"start":{"line":11,"column":8},"end":{"line":11,"column":15}},{"start":{"line":11,"column":19},"end":{"line":11,"column":50}}],"line":11}},"s":{"0":1,"1":1,"2":1,"3":3,"4":3,"5":0,"6":1},"f":{"0":1,"1":3},"b":{"0":[1,1],"1":[3,0],"2":[3,0]},"_coverageSchema":"1a1c01bbd47fc00a2c39e90264f33305004495a9","hash":"f9baa0d60793b121e0e81ce2960d7606b08d00e8"}
,"C:\\Users\\Maria Candido\\Downloads\\ProjectoMC-main\\backend\\src\\config\\database.js": {"path":"C:\\Users\\Maria Candido\\Downloads\\ProjectoMC-main\\backend\\src\\config\\database.js","statementMap":{"0":{"start":{"line":5,"column":0},"end":{"line":5,"column":27}},"1":{"start":{"line":7,"column":0},"end":{"line":53,"column":2}}},"fnMap":{},"branchMap":{"0":{"loc":{"start":{"line":9,"column":14},"end":{"line":9,"column":43}},"type":"binary-expr","locations":[{"start":{"line":9,"column":14},"end":{"line":9,"column":33}},{"start":{"line":9,"column":37},"end":{"line":9,"column":43}}],"line":9},"1":{"loc":{"start":{"line":10,"column":14},"end":{"line":10,"column":43}},"type":"binary-expr","locations":[{"start":{"line":10,"column":14},"end":{"line":10,"column":37}},{"start":{"line":10,"column":41},"end":{"line":10,"column":43}}],"line":10},"2":{"loc":{"start":{"line":11,"column":14},"end":{"line":11,"column":48}},"type":"binary-expr","locations":[{"start":{"line":11,"column":14},"end":{"line":11,"column":33}},{"start":{"line":11,"column":37},"end":{"line":11,"column":48}}],"line":11},"3":{"loc":{"start":{"line":12,"column":10},"end":{"line":12,"column":44}},"type":"binary-expr","locations":[{"start":{"line":12,"column":10},"end":{"line":12,"column":29}},{"start":{"line":12,"column":33},"end":{"line":12,"column":44}}],"line":12},"4":{"loc":{"start":{"line":13,"column":10},"end":{"line":13,"column":51}},"type":"binary-expr","locations":[{"start":{"line":13,"column":10},"end":{"line":13,"column":43}},{"start":{"line":13,"column":47},"end":{"line":13,"column":51}}],"line":13},"5":{"loc":{"start":{"line":15,"column":13},"end":{"line":15,"column":65}},"type":"cond-expr","locations":[{"start":{"line":15,"column":46},"end":{"line":15,"column":57}},{"start":{"line":15,"column":60},"end":{"line":15,"column":65}}],"line":15},"6":{"loc":{"start":{"line":24,"column":14},"end":{"line":24,"column":43}},"type":"binary-expr","locations":[{"start":{"line":24,"column":14},"end":{"line":24,"column":33}},{"start":{"line":24,"column":37},"end":{"line":24,"column":43}}],"line":24},"7":{"loc":{"start":{"line":25,"column":14},"end":{"line":25,"column":43}},"type":"binary-expr","locations":[{"start":{"line":25,"column":14},"end":{"line":25,"column":37}},{"start":{"line":25,"column":41},"end":{"line":25,"column":43}}],"line":25},"8":{"loc":{"start":{"line":26,"column":14},"end":{"line":26,"column":58}},"type":"binary-expr","locations":[{"start":{"line":26,"column":14},"end":{"line":26,"column":38}},{"start":{"line":26,"column":42},"end":{"line":26,"column":58}}],"line":26},"9":{"loc":{"start":{"line":27,"column":10},"end":{"line":27,"column":44}},"type":"binary-expr","locations":[{"start":{"line":27,"column":10},"end":{"line":27,"column":29}},{"start":{"line":27,"column":33},"end":{"line":27,"column":44}}],"line":27},"10":{"loc":{"start":{"line":28,"column":10},"end":{"line":28,"column":51}},"type":"binary-expr","locations":[{"start":{"line":28,"column":10},"end":{"line":28,"column":43}},{"start":{"line":28,"column":47},"end":{"line":28,"column":51}}],"line":28},"11":{"loc":{"start":{"line":43,"column":10},"end":{"line":43,"column":51}},"type":"binary-expr","locations":[{"start":{"line":43,"column":10},"end":{"line":43,"column":43}},{"start":{"line":43,"column":47},"end":{"line":43,"column":51}}],"line":43}},"s":{"0":1,"1":1},"f":{},"b":{"0":[1,1],"1":[1,1],"2":[1,1],"3":[1,1],"4":[1,1],"5":[0,1],"6":[1,1],"7":[1,1],"8":[1,1],"9":[1,1],"10":[1,1],"11":[1,1]},"_coverageSchema":"1a1c01bbd47fc00a2c39e90264f33305004495a9","hash":"fdba5bb2c22c31721d9bde3709add53b546ba420"}
,"C:\\Users\\Maria Candido\\Downloads\\ProjectoMC-main\\backend\\src\\config\\jwt.js": {"path":"C:\\Users\\Maria Candido\\Downloads\\ProjectoMC-main\\backend\\src\\config\\jwt.js","statementMap":{"0":{"start":{"line":4,"column":0},"end":{"line":9,"column":2}}},"fnMap":{},"branchMap":{"0":{"loc":{"start":{"line":5,"column":10},"end":{"line":5,"column":72}},"type":"binary-expr","locations":[{"start":{"line":5,"column":10},"end":{"line":5,"column":32}},{"start":{"line":5,"column":36},"end":{"line":5,"column":72}}],"line":5},"1":{"loc":{"start":{"line":6,"column":13},"end":{"line":6,"column":47}},"type":"binary-expr","locations":[{"start":{"line":6,"column":13},"end":{"line":6,"column":39}},{"start":{"line":6,"column":43},"end":{"line":6,"column":47}}],"line":6},"2":{"loc":{"start":{"line":7,"column":17},"end":{"line":7,"column":83}},"type":"binary-expr","locations":[{"start":{"line":7,"column":17},"end":{"line":7,"column":47}},{"start":{"line":7,"column":51},"end":{"line":7,"column":83}}],"line":7},"3":{"loc":{"start":{"line":8,"column":20},"end":{"line":8,"column":63}},"type":"binary-expr","locations":[{"start":{"line":8,"column":20},"end":{"line":8,"column":54}},{"start":{"line":8,"column":58},"end":{"line":8,"column":63}}],"line":8}},"s":{"0":1},"f":{},"b":{"0":[1,1],"1":[1,1],"2":[1,1],"3":[1,1]},"_coverageSchema":"1a1c01bbd47fc00a2c39e90264f33305004495a9","hash":"4d959e806134cf43c395f9836a7d6a1be1809a2a"}
,"C:\\Users\\Maria Candido\\Downloads\\ProjectoMC-main\\backend\\src\\config\\logger.js": {"path":"C:\\Users\\Maria Candido\\Downloads\\ProjectoMC-main\\backend\\src\\config\\logger.js","statementMap":{"0":{"start":{"line":5,"column":16},"end":{"line":5,"column":34}},"1":{"start":{"line":7,"column":49},"end":{"line":7,"column":63}},"2":{"start":{"line":9,"column":18},"end":{"line":11,"column":2}},"3":{"start":{"line":10,"column":2},"end":{"line":10,"column":40}},"4":{"start":{"line":13,"column":15},"end":{"line":24,"column":2}},"5":{"start":{"line":27,"column":0},"end":{"line":33,"column":1}},"6":{"start":{"line":28,"column":2},"end":{"line":32,"column":4}},"7":{"start":{"line":35,"column":0},"end":{"line":35,"column":24}}},"fnMap":{"0":{"name":"(anonymous_0)","decl":{"start":{"line":9,"column":25},"end":{"line":9,"column":26}},"loc":{"start":{"line":9,"column":64},"end":{"line":11,"column":1}},"line":9}},"branchMap":{"0":{"loc":{"start":{"line":14,"column":9},"end":{"line":14,"column":40}},"type":"binary-expr","locations":[{"start":{"line":14,"column":9},"end":{"line":14,"column":30}},{"start":{"line":14,"column":34},"end":{"line":14,"column":40}}],"line":14},"1":{"loc":{"start":{"line":27,"column":0},"end":{"line":33,"column":1}},"type":"if","locations":[{"start":{"line":27,"column":0},"end":{"line":33,"column":1}},{"start":{},"end":{}}],"line":27}},"s":{"0":1,"1":1,"2":1,"3":5,"4":1,"5":1,"6":0,"7":1},"f":{"0":5},"b":{"0":[1,1],"1":[0,1]},"_coverageSchema":"1a1c01bbd47fc00a2c39e90264f33305004495a9","hash":"b74b1b65febba02efd4ec3fd6246587725585f35"}
,"C:\\Users\\Maria Candido\\Downloads\\ProjectoMC-main\\backend\\src\\config\\server.js": {"path":"C:\\Users\\Maria Candido\\Downloads\\ProjectoMC-main\\backend\\src\\config\\server.js","statementMap":{"0":{"start":{"line":4,"column":0},"end":{"line":7,"column":2}}},"fnMap":{},"branchMap":{"0":{"loc":{"start":{"line":5,"column":8},"end":{"line":5,"column":46}},"type":"binary-expr","locations":[{"start":{"line":5,"column":8},"end":{"line":5,"column":38}},{"start":{"line":5,"column":42},"end":{"line":5,"column":46}}],"line":5},"1":{"loc":{"start":{"line":6,"column":12},"end":{"line":6,"column":49}},"type":"binary-expr","locations":[{"start":{"line":6,"column":12},"end":{"line":6,"column":32}},{"start":{"line":6,"column":36},"end":{"line":6,"column":49}}],"line":6}},"s":{"0":0},"f":{},"b":{"0":[0,0],"1":[0,0]}}
,"C:\\Users\\Maria Candido\\Downloads\\ProjectoMC-main\\backend\\src\\controllers\\authController.js": {"path":"C:\\Users\\Maria Candido\\Downloads\\ProjectoMC-main\\backend\\src\\controllers\\authController.js","statementMap":{"0":{"start":{"line":4,"column":20},"end":{"line":4,"column":54}},"1":{"start":{"line":5,"column":21},"end":{"line":5,"column":53}},"2":{"start":{"line":10,"column":17},"end":{"line":22,"column":2}},"3":{"start":{"line":11,"column":17},"end":{"line":11,"column":53}},"4":{"start":{"line":12,"column":2},"end":{"line":21,"column":5}},"5":{"start":{"line":28,"column":14},"end":{"line":37,"column":2}},"6":{"start":{"line":29,"column":58},"end":{"line":29,"column":66}},"7":{"start":{"line":30,"column":18},"end":{"line":30,"column":37}},"8":{"start":{"line":31,"column":20},"end":{"line":31,"column":36}},"9":{"start":{"line":32,"column":17},"end":{"line":32,"column":70}},"10":{"start":{"line":33,"column":2},"end":{"line":36,"column":5}},"11":{"start":{"line":43,"column":16},"end":{"line":50,"column":2}},"12":{"start":{"line":44,"column":27},"end":{"line":44,"column":35}},"13":{"start":{"line":45,"column":17},"end":{"line":45,"column":56}},"14":{"start":{"line":46,"column":2},"end":{"line":49,"column":5}},"15":{"start":{"line":56,"column":15},"end":{"line":63,"column":2}},"16":{"start":{"line":57,"column":27},"end":{"line":57,"column":35}},"17":{"start":{"line":58,"column":17},"end":{"line":58,"column":55}},"18":{"start":{"line":59,"column":2},"end":{"line":62,"column":5}},"19":{"start":{"line":68,"column":11},"end":{"line":75,"column":2}},"20":{"start":{"line":69,"column":15},"end":{"line":69,"column":23}},"21":{"start":{"line":70,"column":19},"end":{"line":70,"column":51}},"22":{"start":{"line":71,"column":2},"end":{"line":74,"column":5}},"23":{"start":{"line":80,"column":19},"end":{"line":87,"column":2}},"24":{"start":{"line":81,"column":20},"end":{"line":81,"column":29}},"25":{"start":{"line":82,"column":17},"end":{"line":82,"column":58}},"26":{"start":{"line":83,"column":2},"end":{"line":86,"column":5}},"27":{"start":{"line":89,"column":0},"end":{"line":96,"column":2}}},"fnMap":{"0":{"name":"(anonymous_0)","decl":{"start":{"line":10,"column":30},"end":{"line":10,"column":31}},"loc":{"start":{"line":10,"column":50},"end":{"line":22,"column":1}},"line":10},"1":{"name":"(anonymous_1)","decl":{"start":{"line":28,"column":27},"end":{"line":28,"column":28}},"loc":{"start":{"line":28,"column":47},"end":{"line":37,"column":1}},"line":28},"2":{"name":"(anonymous_2)","decl":{"start":{"line":43,"column":29},"end":{"line":43,"column":30}},"loc":{"start":{"line":43,"column":49},"end":{"line":50,"column":1}},"line":43},"3":{"name":"(anonymous_3)","decl":{"start":{"line":56,"column":28},"end":{"line":56,"column":29}},"loc":{"start":{"line":56,"column":48},"end":{"line":63,"column":1}},"line":56},"4":{"name":"(anonymous_4)","decl":{"start":{"line":68,"column":24},"end":{"line":68,"column":25}},"loc":{"start":{"line":68,"column":44},"end":{"line":75,"column":1}},"line":68},"5":{"name":"(anonymous_5)","decl":{"start":{"line":80,"column":32},"end":{"line":80,"column":33}},"loc":{"start":{"line":80,"column":52},"end":{"line":87,"column":1}},"line":80}},"branchMap":{"0":{"loc":{"start":{"line":30,"column":18},"end":{"line":30,"column":37}},"type":"binary-expr","locations":[{"start":{"line":30,"column":18},"end":{"line":30,"column":28}},{"start":{"line":30,"column":32},"end":{"line":30,"column":37}}],"line":30},"1":{"loc":{"start":{"line":31,"column":20},"end":{"line":31,"column":36}},"type":"binary-expr","locations":[{"start":{"line":31,"column":20},"end":{"line":31,"column":24}},{"start":{"line":31,"column":28},"end":{"line":31,"column":36}}],"line":31}},"s":{"0":1,"1":1,"2":1,"3":0,"4":0,"5":1,"6":1,"7":1,"8":1,"9":1,"10":0,"11":1,"12":0,"13":0,"14":0,"15":1,"16":0,"17":0,"18":0,"19":1,"20":0,"21":0,"22":0,"23":1,"24":0,"25":0,"26":0,"27":1},"f":{"0":0,"1":1,"2":0,"3":0,"4":0,"5":0},"b":{"0":[1,0],"1":[1,0]},"_coverageSchema":"1a1c01bbd47fc00a2c39e90264f33305004495a9","hash":"67e8b88d7e0edb9826e9896cc0471d6b59d1dbf7"}
,"C:\\Users\\Maria Candido\\Downloads\\ProjectoMC-main\\backend\\src\\controllers\\entregaController.js": {"path":"C:\\Users\\Maria Candido\\Downloads\\ProjectoMC-main\\backend\\src\\controllers\\entregaController.js","statementMap":{"0":{"start":{"line":4,"column":26},"end":{"line":4,"column":70}},"1":{"start":{"line":5,"column":21},"end":{"line":5,"column":53}},"2":{"start":{"line":7,"column":24},"end":{"line":12,"column":2}},"3":{"start":{"line":8,"column":15},"end":{"line":10,"column":3}},"4":{"start":{"line":11,"column":2},"end":{"line":11,"column":60}},"5":{"start":{"line":14,"column":19},"end":{"line":31,"column":2}},"6":{"start":{"line":15,"column":35},"end":{"line":15,"column":44}},"7":{"start":{"line":16,"column":17},"end":{"line":16,"column":35}},"8":{"start":{"line":17,"column":26},"end":{"line":21,"column":3}},"9":{"start":{"line":22,"column":2},"end":{"line":30,"column":5}},"10":{"start":{"line":33,"column":16},"end":{"line":42,"column":2}},"11":{"start":{"line":34,"column":18},"end":{"line":34,"column":65}},"12":{"start":{"line":35,"column":2},"end":{"line":39,"column":3}},"13":{"start":{"line":36,"column":4},"end":{"line":38,"column":68}},"14":{"start":{"line":40,"column":17},"end":{"line":40,"column":75}},"15":{"start":{"line":41,"column":2},"end":{"line":41,"column":61}},"16":{"start":{"line":44,"column":21},"end":{"line":66,"column":2}},"17":{"start":{"line":45,"column":21},"end":{"line":45,"column":29}},"18":{"start":{"line":46,"column":18},"end":{"line":46,"column":65}},"19":{"start":{"line":47,"column":2},"end":{"line":50,"column":68}},"20":{"start":{"line":48,"column":4},"end":{"line":50,"column":68}},"21":{"start":{"line":51,"column":2},"end":{"line":58,"column":3}},"22":{"start":{"line":52,"column":4},"end":{"line":57,"column":9}},"23":{"start":{"line":59,"column":2},"end":{"line":63,"column":3}},"24":{"start":{"line":60,"column":4},"end":{"line":62,"column":72}},"25":{"start":{"line":64,"column":18},"end":{"line":64,"column":77}},"26":{"start":{"line":65,"column":2},"end":{"line":65,"column":62}},"27":{"start":{"line":68,"column":0},"end":{"line":68,"column":72}}},"fnMap":{"0":{"name":"(anonymous_0)","decl":{"start":{"line":7,"column":37},"end":{"line":7,"column":38}},"loc":{"start":{"line":7,"column":57},"end":{"line":12,"column":1}},"line":7},"1":{"name":"(anonymous_1)","decl":{"start":{"line":14,"column":32},"end":{"line":14,"column":33}},"loc":{"start":{"line":14,"column":52},"end":{"line":31,"column":1}},"line":14},"2":{"name":"(anonymous_2)","decl":{"start":{"line":33,"column":29},"end":{"line":33,"column":30}},"loc":{"start":{"line":33,"column":49},"end":{"line":42,"column":1}},"line":33},"3":{"name":"(anonymous_3)","decl":{"start":{"line":44,"column":34},"end":{"line":44,"column":35}},"loc":{"start":{"line":44,"column":54},"end":{"line":66,"column":1}},"line":44}},"branchMap":{"0":{"loc":{"start":{"line":9,"column":4},"end":{"line":9,"column":39}},"type":"binary-expr","locations":[{"start":{"line":9,"column":4},"end":{"line":9,"column":33}},{"start":{"line":9,"column":37},"end":{"line":9,"column":39}}],"line":9},"1":{"loc":{"start":{"line":15,"column":10},"end":{"line":15,"column":18}},"type":"default-arg","locations":[{"start":{"line":15,"column":17},"end":{"line":15,"column":18}}],"line":15},"2":{"loc":{"start":{"line":15,"column":20},"end":{"line":15,"column":30}},"type":"default-arg","locations":[{"start":{"line":15,"column":28},"end":{"line":15,"column":30}}],"line":15},"3":{"loc":{"start":{"line":35,"column":2},"end":{"line":39,"column":3}},"type":"if","locations":[{"start":{"line":35,"column":2},"end":{"line":39,"column":3}},{"start":{},"end":{}}],"line":35},"4":{"loc":{"start":{"line":35,"column":6},"end":{"line":35,"column":49}},"type":"binary-expr","locations":[{"start":{"line":35,"column":6},"end":{"line":35,"column":14}},{"start":{"line":35,"column":18},"end":{"line":35,"column":49}}],"line":35},"5":{"loc":{"start":{"line":47,"column":2},"end":{"line":50,"column":68}},"type":"if","locations":[{"start":{"line":47,"column":2},"end":{"line":50,"column":68}},{"start":{},"end":{}}],"line":47},"6":{"loc":{"start":{"line":51,"column":2},"end":{"line":58,"column":3}},"type":"if","locations":[{"start":{"line":51,"column":2},"end":{"line":58,"column":3}},{"start":{},"end":{}}],"line":51},"7":{"loc":{"start":{"line":59,"column":2},"end":{"line":63,"column":3}},"type":"if","locations":[{"start":{"line":59,"column":2},"end":{"line":63,"column":3}},{"start":{},"end":{}}],"line":59}},"s":{"0":1,"1":1,"2":1,"3":0,"4":0,"5":1,"6":0,"7":0,"8":0,"9":0,"10":1,"11":0,"12":0,"13":0,"14":0,"15":0,"16":1,"17":0,"18":0,"19":0,"20":0,"21":0,"22":0,"23":0,"24":0,"25":0,"26":0,"27":1},"f":{"0":0,"1":0,"2":0,"3":0},"b":{"0":[0,0],"1":[0],"2":[0],"3":[0,0],"4":[0,0],"5":[0,0],"6":[0,0],"7":[0,0]},"_coverageSchema":"1a1c01bbd47fc00a2c39e90264f33305004495a9","hash":"e649c813aef84c96bda9115dbb74b33dc5f12349"}
,"C:\\Users\\Maria Candido\\Downloads\\ProjectoMC-main\\backend\\src\\controllers\\farmaciaController.js": {"path":"C:\\Users\\Maria Candido\\Downloads\\ProjectoMC-main\\backend\\src\\controllers\\farmaciaController.js","statementMap":{"0":{"start":{"line":4,"column":24},"end":{"line":4,"column":62}},"1":{"start":{"line":5,"column":21},"end":{"line":5,"column":53}},"2":{"start":{"line":7,"column":19},"end":{"line":11,"column":2}},"3":{"start":{"line":8,"column":39},"end":{"line":8,"column":48}},"4":{"start":{"line":9,"column":17},"end":{"line":9,"column":82}},"5":{"start":{"line":10,"column":2},"end":{"line":10,"column":48}},"6":{"start":{"line":13,"column":22},"end":{"line":21,"column":2}},"7":{"start":{"line":14,"column":35},"end":{"line":14,"column":44}},"8":{"start":{"line":15,"column":17},"end":{"line":15,"column":35}},"9":{"start":{"line":16,"column":26},"end":{"line":16,"column":76}},"10":{"start":{"line":17,"column":2},"end":{"line":20,"column":5}},"11":{"start":{"line":23,"column":16},"end":{"line":27,"column":2}},"12":{"start":{"line":24,"column":19},"end":{"line":24,"column":63}},"13":{"start":{"line":25,"column":2},"end":{"line":25,"column":102}},"14":{"start":{"line":25,"column":17},"end":{"line":25,"column":102}},"15":{"start":{"line":26,"column":2},"end":{"line":26,"column":84}},"16":{"start":{"line":29,"column":17},"end":{"line":34,"column":2}},"17":{"start":{"line":30,"column":21},"end":{"line":30,"column":29}},"18":{"start":{"line":31,"column":19},"end":{"line":31,"column":78}},"19":{"start":{"line":32,"column":2},"end":{"line":32,"column":102}},"20":{"start":{"line":32,"column":17},"end":{"line":32,"column":102}},"21":{"start":{"line":33,"column":2},"end":{"line":33,"column":85}},"22":{"start":{"line":36,"column":16},"end":{"line":40,"column":2}},"23":{"start":{"line":37,"column":19},"end":{"line":37,"column":63}},"24":{"start":{"line":38,"column":2},"end":{"line":38,"column":102}},"25":{"start":{"line":38,"column":17},"end":{"line":38,"column":102}},"26":{"start":{"line":39,"column":2},"end":{"line":39,"column":54}},"27":{"start":{"line":42,"column":14},"end":{"line":46,"column":2}},"28":{"start":{"line":43,"column":19},"end":{"line":43,"column":64}},"29":{"start":{"line":44,"column":2},"end":{"line":44,"column":109}},"30":{"start":{"line":44,"column":17},"end":{"line":44,"column":109}},"31":{"start":{"line":45,"column":2},"end":{"line":45,"column":54}},"32":{"start":{"line":48,"column":0},"end":{"line":55,"column":2}}},"fnMap":{"0":{"name":"(anonymous_0)","decl":{"start":{"line":7,"column":32},"end":{"line":7,"column":33}},"loc":{"start":{"line":7,"column":52},"end":{"line":11,"column":1}},"line":7},"1":{"name":"(anonymous_1)","decl":{"start":{"line":13,"column":35},"end":{"line":13,"column":36}},"loc":{"start":{"line":13,"column":55},"end":{"line":21,"column":1}},"line":13},"2":{"name":"(anonymous_2)","decl":{"start":{"line":23,"column":29},"end":{"line":23,"column":30}},"loc":{"start":{"line":23,"column":49},"end":{"line":27,"column":1}},"line":23},"3":{"name":"(anonymous_3)","decl":{"start":{"line":29,"column":30},"end":{"line":29,"column":31}},"loc":{"start":{"line":29,"column":50},"end":{"line":34,"column":1}},"line":29},"4":{"name":"(anonymous_4)","decl":{"start":{"line":36,"column":29},"end":{"line":36,"column":30}},"loc":{"start":{"line":36,"column":49},"end":{"line":40,"column":1}},"line":36},"5":{"name":"(anonymous_5)","decl":{"start":{"line":42,"column":27},"end":{"line":42,"column":28}},"loc":{"start":{"line":42,"column":47},"end":{"line":46,"column":1}},"line":42}},"branchMap":{"0":{"loc":{"start":{"line":14,"column":10},"end":{"line":14,"column":18}},"type":"default-arg","locations":[{"start":{"line":14,"column":17},"end":{"line":14,"column":18}}],"line":14},"1":{"loc":{"start":{"line":14,"column":20},"end":{"line":14,"column":30}},"type":"default-arg","locations":[{"start":{"line":14,"column":28},"end":{"line":14,"column":30}}],"line":14},"2":{"loc":{"start":{"line":25,"column":2},"end":{"line":25,"column":102}},"type":"if","locations":[{"start":{"line":25,"column":2},"end":{"line":25,"column":102}},{"start":{},"end":{}}],"line":25},"3":{"loc":{"start":{"line":31,"column":65},"end":{"line":31,"column":77}},"type":"binary-expr","locations":[{"start":{"line":31,"column":65},"end":{"line":31,"column":71}},{"start":{"line":31,"column":75},"end":{"line":31,"column":77}}],"line":31},"4":{"loc":{"start":{"line":32,"column":2},"end":{"line":32,"column":102}},"type":"if","locations":[{"start":{"line":32,"column":2},"end":{"line":32,"column":102}},{"start":{},"end":{}}],"line":32},"5":{"loc":{"start":{"line":38,"column":2},"end":{"line":38,"column":102}},"type":"if","locations":[{"start":{"line":38,"column":2},"end":{"line":38,"column":102}},{"start":{},"end":{}}],"line":38},"6":{"loc":{"start":{"line":44,"column":2},"end":{"line":44,"column":109}},"type":"if","locations":[{"start":{"line":44,"column":2},"end":{"line":44,"column":109}},{"start":{},"end":{}}],"line":44}},"s":{"0":1,"1":1,"2":1,"3":0,"4":0,"5":0,"6":1,"7":0,"8":0,"9":0,"10":0,"11":1,"12":0,"13":0,"14":0,"15":0,"16":1,"17":0,"18":0,"19":0,"20":0,"21":0,"22":1,"23":0,"24":0,"25":0,"26":0,"27":1,"28":0,"29":0,"30":0,"31":0,"32":1},"f":{"0":0,"1":0,"2":0,"3":0,"4":0,"5":0},"b":{"0":[0],"1":[0],"2":[0,0],"3":[0,0],"4":[0,0],"5":[0,0],"6":[0,0]},"_coverageSchema":"1a1c01bbd47fc00a2c39e90264f33305004495a9","hash":"d64f2081ba749f239c92a502a248370c2a2c0610"}
,"C:\\Users\\Maria Candido\\Downloads\\ProjectoMC-main\\backend\\src\\controllers\\medicamentoController.js": {"path":"C:\\Users\\Maria Candido\\Downloads\\ProjectoMC-main\\backend\\src\\controllers\\medicamentoController.js","statementMap":{"0":{"start":{"line":4,"column":30},"end":{"line":4,"column":78}},"1":{"start":{"line":5,"column":27},"end":{"line":5,"column":72}},"2":{"start":{"line":6,"column":21},"end":{"line":6,"column":53}},"3":{"start":{"line":8,"column":13},"end":{"line":36,"column":2}},"4":{"start":{"line":16,"column":6},"end":{"line":16,"column":15}},"5":{"start":{"line":18,"column":4},"end":{"line":18,"column":71}},"6":{"start":{"line":19,"column":26},"end":{"line":26,"column":4}},"7":{"start":{"line":27,"column":2},"end":{"line":35,"column":5}},"8":{"start":{"line":38,"column":16},"end":{"line":45,"column":2}},"9":{"start":{"line":39,"column":22},"end":{"line":39,"column":73}},"10":{"start":{"line":40,"column":2},"end":{"line":43,"column":72}},"11":{"start":{"line":41,"column":4},"end":{"line":43,"column":72}},"12":{"start":{"line":44,"column":2},"end":{"line":44,"column":57}},"13":{"start":{"line":47,"column":15},"end":{"line":62,"column":2}},"14":{"start":{"line":48,"column":16},"end":{"line":48,"column":31}},"15":{"start":{"line":49,"column":2},"end":{"line":59,"column":3}},"16":{"start":{"line":50,"column":21},"end":{"line":50,"column":70}},"17":{"start":{"line":51,"column":4},"end":{"line":57,"column":11}},"18":{"start":{"line":52,"column":6},"end":{"line":57,"column":11}},"19":{"start":{"line":58,"column":4},"end":{"line":58,"column":38}},"20":{"start":{"line":60,"column":22},"end":{"line":60,"column":65}},"21":{"start":{"line":61,"column":2},"end":{"line":61,"column":69}},"22":{"start":{"line":64,"column":15},"end":{"line":97,"column":2}},"23":{"start":{"line":65,"column":2},"end":{"line":87,"column":3}},"24":{"start":{"line":66,"column":21},"end":{"line":66,"column":70}},"25":{"start":{"line":67,"column":4},"end":{"line":73,"column":11}},"26":{"start":{"line":68,"column":6},"end":{"line":73,"column":11}},"27":{"start":{"line":74,"column":16},"end":{"line":74,"column":67}},"28":{"start":{"line":75,"column":4},"end":{"line":78,"column":74}},"29":{"start":{"line":76,"column":6},"end":{"line":78,"column":74}},"30":{"start":{"line":79,"column":4},"end":{"line":86,"column":5}},"31":{"start":{"line":80,"column":6},"end":{"line":85,"column":11}},"32":{"start":{"line":88,"column":22},"end":{"line":91,"column":3}},"33":{"start":{"line":92,"column":2},"end":{"line":95,"column":72}},"34":{"start":{"line":93,"column":4},"end":{"line":95,"column":72}},"35":{"start":{"line":96,"column":2},"end":{"line":96,"column":57}},"36":{"start":{"line":99,"column":0},"end":{"line":99,"column":51}}},"fnMap":{"0":{"name":"(anonymous_0)","decl":{"start":{"line":8,"column":26},"end":{"line":8,"column":27}},"loc":{"start":{"line":8,"column":46},"end":{"line":36,"column":1}},"line":8},"1":{"name":"(anonymous_1)","decl":{"start":{"line":38,"column":29},"end":{"line":38,"column":30}},"loc":{"start":{"line":38,"column":49},"end":{"line":45,"column":1}},"line":38},"2":{"name":"(anonymous_2)","decl":{"start":{"line":47,"column":28},"end":{"line":47,"column":29}},"loc":{"start":{"line":47,"column":48},"end":{"line":62,"column":1}},"line":47},"3":{"name":"(anonymous_3)","decl":{"start":{"line":64,"column":28},"end":{"line":64,"column":29}},"loc":{"start":{"line":64,"column":48},"end":{"line":97,"column":1}},"line":64}},"branchMap":{"0":{"loc":{"start":{"line":14,"column":4},"end":{"line":14,"column":12}},"type":"default-arg","locations":[{"start":{"line":14,"column":11},"end":{"line":14,"column":12}}],"line":14},"1":{"loc":{"start":{"line":15,"column":4},"end":{"line":15,"column":14}},"type":"default-arg","locations":[{"start":{"line":15,"column":12},"end":{"line":15,"column":14}}],"line":15},"2":{"loc":{"start":{"line":18,"column":45},"end":{"line":18,"column":70}},"type":"binary-expr","locations":[{"start":{"line":18,"column":45},"end":{"line":18,"column":64}},{"start":{"line":18,"column":68},"end":{"line":18,"column":70}}],"line":18},"3":{"loc":{"start":{"line":24,"column":11},"end":{"line":24,"column":36}},"type":"binary-expr","locations":[{"start":{"line":24,"column":11},"end":{"line":24,"column":30}},{"start":{"line":24,"column":34},"end":{"line":24,"column":36}}],"line":24},"4":{"loc":{"start":{"line":33,"column":13},"end":{"line":33,"column":38}},"type":"binary-expr","locations":[{"start":{"line":33,"column":13},"end":{"line":33,"column":32}},{"start":{"line":33,"column":36},"end":{"line":33,"column":38}}],"line":33},"5":{"loc":{"start":{"line":40,"column":2},"end":{"line":43,"column":72}},"type":"if","locations":[{"start":{"line":40,"column":2},"end":{"line":43,"column":72}},{"start":{},"end":{}}],"line":40},"6":{"loc":{"start":{"line":49,"column":2},"end":{"line":59,"column":3}},"type":"if","locations":[{"start":{"line":49,"column":2},"end":{"line":59,"column":3}},{"start":{},"end":{}}],"line":49},"7":{"loc":{"start":{"line":51,"column":4},"end":{"line":57,"column":11}},"type":"if","locations":[{"start":{"line":51,"column":4},"end":{"line":57,"column":11}},{"start":{},"end":{}}],"line":51},"8":{"loc":{"start":{"line":65,"column":2},"end":{"line":87,"column":3}},"type":"if","locations":[{"start":{"line":65,"column":2},"end":{"line":87,"column":3}},{"start":{},"end":{}}],"line":65},"9":{"loc":{"start":{"line":67,"column":4},"end":{"line":73,"column":11}},"type":"if","locations":[{"start":{"line":67,"column":4},"end":{"line":73,"column":11}},{"start":{},"end":{}}],"line":67},"10":{"loc":{"start":{"line":75,"column":4},"end":{"line":78,"column":74}},"type":"if","locations":[{"start":{"line":75,"column":4},"end":{"line":78,"column":74}},{"start":{},"end":{}}],"line":75},"11":{"loc":{"start":{"line":79,"column":4},"end":{"line":86,"column":5}},"type":"if","locations":[{"start":{"line":79,"column":4},"end":{"line":86,"column":5}},{"start":{},"end":{}}],"line":79},"12":{"loc":{"start":{"line":92,"column":2},"end":{"line":95,"column":72}},"type":"if","locations":[{"start":{"line":92,"column":2},"end":{"line":95,"column":72}},{"start":{},"end":{}}],"line":92}},"s":{"0":1,"1":1,"2":1,"3":1,"4":0,"5":0,"6":0,"7":0,"8":1,"9":0,"10":0,"11":0,"12":0,"13":1,"14":0,"15":0,"16":0,"17":0,"18":0,"19":0,"20":0,"21":0,"22":1,"23":0,"24":0,"25":0,"26":0,"27":0,"28":0,"29":0,"30":0,"31":0,"32":0,"33":0,"34":0,"35":0,"36":1},"f":{"0":0,"1":0,"2":0,"3":0},"b":{"0":[0],"1":[0],"2":[0,0],"3":[0,0],"4":[0,0],"5":[0,0],"6":[0,0],"7":[0,0],"8":[0,0],"9":[0,0],"10":[0,0],"11":[0,0],"12":[0,0]},"_coverageSchema":"1a1c01bbd47fc00a2c39e90264f33305004495a9","hash":"5e92e96a76fdd925c2a4d3fecc7061a608512735"}
,"C:\\Users\\Maria Candido\\Downloads\\ProjectoMC-main\\backend\\src\\controllers\\pedidoController.js": {"path":"C:\\Users\\Maria Candido\\Downloads\\ProjectoMC-main\\backend\\src\\controllers\\pedidoController.js","statementMap":{"0":{"start":{"line":4,"column":11},"end":{"line":4,"column":33}},"1":{"start":{"line":5,"column":25},"end":{"line":5,"column":68}},"2":{"start":{"line":6,"column":21},"end":{"line":6,"column":53}},"3":{"start":{"line":8,"column":15},"end":{"line":30,"column":2}},"4":{"start":{"line":16,"column":6},"end":{"line":16,"column":14}},"5":{"start":{"line":17,"column":17},"end":{"line":28,"column":3}},"6":{"start":{"line":29,"column":2},"end":{"line":29,"column":64}},"7":{"start":{"line":32,"column":14},"end":{"line":49,"column":2}},"8":{"start":{"line":33,"column":35},"end":{"line":33,"column":44}},"9":{"start":{"line":34,"column":17},"end":{"line":34,"column":35}},"10":{"start":{"line":35,"column":26},"end":{"line":39,"column":3}},"11":{"start":{"line":40,"column":2},"end":{"line":48,"column":5}},"12":{"start":{"line":51,"column":16},"end":{"line":75,"column":2}},"13":{"start":{"line":52,"column":17},"end":{"line":52,"column":63}},"14":{"start":{"line":53,"column":2},"end":{"line":56,"column":67}},"15":{"start":{"line":54,"column":4},"end":{"line":56,"column":67}},"16":{"start":{"line":58,"column":2},"end":{"line":60,"column":3}},"17":{"start":{"line":59,"column":4},"end":{"line":59,"column":61}},"18":{"start":{"line":62,"column":2},"end":{"line":72,"column":3}},"19":{"start":{"line":63,"column":21},"end":{"line":65,"column":6}},"20":{"start":{"line":66,"column":23},"end":{"line":68,"column":5}},"21":{"start":{"line":67,"column":16},"end":{"line":67,"column":49}},"22":{"start":{"line":69,"column":4},"end":{"line":71,"column":5}},"23":{"start":{"line":70,"column":6},"end":{"line":70,"column":63}},"24":{"start":{"line":74,"column":2},"end":{"line":74,"column":77}},"25":{"start":{"line":77,"column":21},"end":{"line":137,"column":2}},"26":{"start":{"line":78,"column":21},"end":{"line":78,"column":29}},"27":{"start":{"line":79,"column":17},"end":{"line":79,"column":63}},"28":{"start":{"line":80,"column":2},"end":{"line":83,"column":67}},"29":{"start":{"line":81,"column":4},"end":{"line":83,"column":67}},"30":{"start":{"line":85,"column":24},"end":{"line":85,"column":37}},"31":{"start":{"line":86,"column":26},"end":{"line":86,"column":55}},"32":{"start":{"line":87,"column":23},"end":{"line":93,"column":3}},"33":{"start":{"line":95,"column":2},"end":{"line":102,"column":3}},"34":{"start":{"line":96,"column":4},"end":{"line":101,"column":9}},"35":{"start":{"line":104,"column":2},"end":{"line":127,"column":3}},"36":{"start":{"line":105,"column":21},"end":{"line":107,"column":6}},"37":{"start":{"line":108,"column":23},"end":{"line":110,"column":5}},"38":{"start":{"line":109,"column":16},"end":{"line":109,"column":49}},"39":{"start":{"line":111,"column":4},"end":{"line":118,"column":5}},"40":{"start":{"line":112,"column":6},"end":{"line":117,"column":11}},"41":{"start":{"line":119,"column":4},"end":{"line":126,"column":5}},"42":{"start":{"line":120,"column":6},"end":{"line":125,"column":11}},"43":{"start":{"line":129,"column":2},"end":{"line":133,"column":3}},"44":{"start":{"line":130,"column":4},"end":{"line":132,"column":72}},"45":{"start":{"line":135,"column":21},"end":{"line":135,"column":79}},"46":{"start":{"line":136,"column":2},"end":{"line":136,"column":64}},"47":{"start":{"line":139,"column":23},"end":{"line":163,"column":2}},"48":{"start":{"line":140,"column":19},"end":{"line":142,"column":4}},"49":{"start":{"line":143,"column":2},"end":{"line":146,"column":69}},"50":{"start":{"line":144,"column":4},"end":{"line":146,"column":69}},"51":{"start":{"line":147,"column":35},"end":{"line":147,"column":44}},"52":{"start":{"line":148,"column":17},"end":{"line":148,"column":35}},"53":{"start":{"line":149,"column":26},"end":{"line":153,"column":3}},"54":{"start":{"line":154,"column":2},"end":{"line":162,"column":5}},"55":{"start":{"line":165,"column":0},"end":{"line":165,"column":74}}},"fnMap":{"0":{"name":"(anonymous_0)","decl":{"start":{"line":8,"column":28},"end":{"line":8,"column":29}},"loc":{"start":{"line":8,"column":48},"end":{"line":30,"column":1}},"line":8},"1":{"name":"(anonymous_1)","decl":{"start":{"line":32,"column":27},"end":{"line":32,"column":28}},"loc":{"start":{"line":32,"column":47},"end":{"line":49,"column":1}},"line":32},"2":{"name":"(anonymous_2)","decl":{"start":{"line":51,"column":29},"end":{"line":51,"column":30}},"loc":{"start":{"line":51,"column":49},"end":{"line":75,"column":1}},"line":51},"3":{"name":"(anonymous_3)","decl":{"start":{"line":67,"column":6},"end":{"line":67,"column":7}},"loc":{"start":{"line":67,"column":16},"end":{"line":67,"column":49}},"line":67},"4":{"name":"(anonymous_4)","decl":{"start":{"line":77,"column":34},"end":{"line":77,"column":35}},"loc":{"start":{"line":77,"column":54},"end":{"line":137,"column":1}},"line":77},"5":{"name":"(anonymous_5)","decl":{"start":{"line":109,"column":6},"end":{"line":109,"column":7}},"loc":{"start":{"line":109,"column":16},"end":{"line":109,"column":49}},"line":109},"6":{"name":"(anonymous_6)","decl":{"start":{"line":139,"column":36},"end":{"line":139,"column":37}},"loc":{"start":{"line":139,"column":56},"end":{"line":163,"column":1}},"line":139}},"branchMap":{"0":{"loc":{"start":{"line":21,"column":20},"end":{"line":21,"column":37}},"type":"binary-expr","locations":[{"start":{"line":21,"column":20},"end":{"line":21,"column":32}},{"start":{"line":21,"column":36},"end":{"line":21,"column":37}}],"line":21},"1":{"loc":{"start":{"line":33,"column":10},"end":{"line":33,"column":18}},"type":"default-arg","locations":[{"start":{"line":33,"column":17},"end":{"line":33,"column":18}}],"line":33},"2":{"loc":{"start":{"line":33,"column":20},"end":{"line":33,"column":30}},"type":"default-arg","locations":[{"start":{"line":33,"column":28},"end":{"line":33,"column":30}}],"line":33},"3":{"loc":{"start":{"line":53,"column":2},"end":{"line":56,"column":67}},"type":"if","locations":[{"start":{"line":53,"column":2},"end":{"line":56,"column":67}},{"start":{},"end":{}}],"line":53},"4":{"loc":{"start":{"line":58,"column":2},"end":{"line":60,"column":3}},"type":"if","locations":[{"start":{"line":58,"column":2},"end":{"line":60,"column":3}},{"start":{},"end":{}}],"line":58},"5":{"loc":{"start":{"line":58,"column":6},"end":{"line":58,"column":67}},"type":"binary-expr","locations":[{"start":{"line":58,"column":6},"end":{"line":58,"column":38}},{"start":{"line":58,"column":42},"end":{"line":58,"column":67}}],"line":58},"6":{"loc":{"start":{"line":62,"column":2},"end":{"line":72,"column":3}},"type":"if","locations":[{"start":{"line":62,"column":2},"end":{"line":72,"column":3}},{"start":{},"end":{}}],"line":62},"7":{"loc":{"start":{"line":69,"column":4},"end":{"line":71,"column":5}},"type":"if","locations":[{"start":{"line":69,"column":4},"end":{"line":71,"column":5}},{"start":{},"end":{}}],"line":69},"8":{"loc":{"start":{"line":80,"column":2},"end":{"line":83,"column":67}},"type":"if","locations":[{"start":{"line":80,"column":2},"end":{"line":83,"column":67}},{"start":{},"end":{}}],"line":80},"9":{"loc":{"start":{"line":95,"column":2},"end":{"line":102,"column":3}},"type":"if","locations":[{"start":{"line":95,"column":2},"end":{"line":102,"column":3}},{"start":{},"end":{}}],"line":95},"10":{"loc":{"start":{"line":95,"column":6},"end":{"line":95,"column":68}},"type":"binary-expr","locations":[{"start":{"line":95,"column":6},"end":{"line":95,"column":33}},{"start":{"line":95,"column":37},"end":{"line":95,"column":68}}],"line":95},"11":{"loc":{"start":{"line":104,"column":2},"end":{"line":127,"column":3}},"type":"if","locations":[{"start":{"line":104,"column":2},"end":{"line":127,"column":3}},{"start":{},"end":{}}],"line":104},"12":{"loc":{"start":{"line":111,"column":4},"end":{"line":118,"column":5}},"type":"if","locations":[{"start":{"line":111,"column":4},"end":{"line":118,"column":5}},{"start":{},"end":{}}],"line":111},"13":{"loc":{"start":{"line":111,"column":8},"end":{"line":111,"column":32}},"type":"binary-expr","locations":[{"start":{"line":111,"column":8},"end":{"line":111,"column":17}},{"start":{"line":111,"column":21},"end":{"line":111,"column":32}}],"line":111},"14":{"loc":{"start":{"line":119,"column":4},"end":{"line":126,"column":5}},"type":"if","locations":[{"start":{"line":119,"column":4},"end":{"line":126,"column":5}},{"start":{},"end":{}}],"line":119},"15":{"loc":{"start":{"line":129,"column":2},"end":{"line":133,"column":3}},"type":"if","locations":[{"start":{"line":129,"column":2},"end":{"line":133,"column":3}},{"start":{},"end":{}}],"line":129},"16":{"loc":{"start":{"line":129,"column":6},"end":{"line":129,"column":65}},"type":"binary-expr","locations":[{"start":{"line":129,"column":6},"end":{"line":129,"column":31}},{"start":{"line":129,"column":35},"end":{"line":129,"column":65}}],"line":129},"17":{"loc":{"start":{"line":143,"column":2},"end":{"line":146,"column":69}},"type":"if","locations":[{"start":{"line":143,"column":2},"end":{"line":146,"column":69}},{"start":{},"end":{}}],"line":143},"18":{"loc":{"start":{"line":147,"column":10},"end":{"line":147,"column":18}},"type":"default-arg","locations":[{"start":{"line":147,"column":17},"end":{"line":147,"column":18}}],"line":147},"19":{"loc":{"start":{"line":147,"column":20},"end":{"line":147,"column":30}},"type":"default-arg","locations":[{"start":{"line":147,"column":28},"end":{"line":147,"column":30}}],"line":147}},"s":{"0":1,"1":1,"2":1,"3":1,"4":0,"5":0,"6":0,"7":1,"8":0,"9":0,"10":0,"11":0,"12":1,"13":0,"14":0,"15":0,"16":0,"17":0,"18":0,"19":0,"20":0,"21":0,"22":0,"23":0,"24":0,"25":1,"26":0,"27":0,"28":0,"29":0,"30":0,"31":0,"32":0,"33":0,"34":0,"35":0,"36":0,"37":0,"38":0,"39":0,"40":0,"41":0,"42":0,"43":0,"44":0,"45":0,"46":0,"47":1,"48":0,"49":0,"50":0,"51":0,"52":0,"53":0,"54":0,"55":1},"f":{"0":0,"1":0,"2":0,"3":0,"4":0,"5":0,"6":0},"b":{"0":[0,0],"1":[0],"2":[0],"3":[0,0],"4":[0,0],"5":[0,0],"6":[0,0],"7":[0,0],"8":[0,0],"9":[0,0],"10":[0,0],"11":[0,0],"12":[0,0],"13":[0,0],"14":[0,0],"15":[0,0],"16":[0,0],"17":[0,0],"18":[0],"19":[0]},"_coverageSchema":"1a1c01bbd47fc00a2c39e90264f33305004495a9","hash":"5bf5f1cdda940add6c1e9f5eaacdf5b9fb0b89d9"}
,"C:\\Users\\Maria Candido\\Downloads\\ProjectoMC-main\\backend\\src\\controllers\\receitaController.js": {"path":"C:\\Users\\Maria Candido\\Downloads\\ProjectoMC-main\\backend\\src\\controllers\\receitaController.js","statementMap":{"0":{"start":{"line":4,"column":11},"end":{"line":4,"column":33}},"1":{"start":{"line":5,"column":26},"end":{"line":5,"column":70}},"2":{"start":{"line":6,"column":21},"end":{"line":6,"column":53}},"3":{"start":{"line":8,"column":15},"end":{"line":19,"column":2}},"4":{"start":{"line":9,"column":66},"end":{"line":9,"column":74}},"5":{"start":{"line":10,"column":18},"end":{"line":17,"column":4}},"6":{"start":{"line":18,"column":2},"end":{"line":18,"column":65}},"7":{"start":{"line":21,"column":15},"end":{"line":38,"column":2}},"8":{"start":{"line":22,"column":35},"end":{"line":22,"column":44}},"9":{"start":{"line":23,"column":17},"end":{"line":23,"column":35}},"10":{"start":{"line":24,"column":26},"end":{"line":28,"column":3}},"11":{"start":{"line":29,"column":2},"end":{"line":37,"column":5}},"12":{"start":{"line":40,"column":21},"end":{"line":64,"column":2}},"13":{"start":{"line":41,"column":19},"end":{"line":43,"column":4}},"14":{"start":{"line":44,"column":2},"end":{"line":47,"column":69}},"15":{"start":{"line":45,"column":4},"end":{"line":47,"column":69}},"16":{"start":{"line":48,"column":35},"end":{"line":48,"column":44}},"17":{"start":{"line":49,"column":17},"end":{"line":49,"column":35}},"18":{"start":{"line":50,"column":26},"end":{"line":54,"column":3}},"19":{"start":{"line":55,"column":2},"end":{"line":63,"column":5}},"20":{"start":{"line":66,"column":21},"end":{"line":99,"column":2}},"21":{"start":{"line":67,"column":34},"end":{"line":67,"column":42}},"22":{"start":{"line":68,"column":19},"end":{"line":70,"column":4}},"23":{"start":{"line":71,"column":2},"end":{"line":74,"column":69}},"24":{"start":{"line":72,"column":4},"end":{"line":74,"column":69}},"25":{"start":{"line":75,"column":23},"end":{"line":75,"column":63}},"26":{"start":{"line":76,"column":2},"end":{"line":79,"column":68}},"27":{"start":{"line":77,"column":4},"end":{"line":79,"column":68}},"28":{"start":{"line":80,"column":2},"end":{"line":87,"column":3}},"29":{"start":{"line":81,"column":4},"end":{"line":86,"column":9}},"30":{"start":{"line":88,"column":2},"end":{"line":92,"column":3}},"31":{"start":{"line":89,"column":4},"end":{"line":91,"column":61}},"32":{"start":{"line":93,"column":18},"end":{"line":97,"column":3}},"33":{"start":{"line":98,"column":2},"end":{"line":98,"column":53}},"34":{"start":{"line":101,"column":0},"end":{"line":101,"column":64}}},"fnMap":{"0":{"name":"(anonymous_0)","decl":{"start":{"line":8,"column":28},"end":{"line":8,"column":29}},"loc":{"start":{"line":8,"column":48},"end":{"line":19,"column":1}},"line":8},"1":{"name":"(anonymous_1)","decl":{"start":{"line":21,"column":28},"end":{"line":21,"column":29}},"loc":{"start":{"line":21,"column":48},"end":{"line":38,"column":1}},"line":21},"2":{"name":"(anonymous_2)","decl":{"start":{"line":40,"column":34},"end":{"line":40,"column":35}},"loc":{"start":{"line":40,"column":54},"end":{"line":64,"column":1}},"line":40},"3":{"name":"(anonymous_3)","decl":{"start":{"line":66,"column":34},"end":{"line":66,"column":35}},"loc":{"start":{"line":66,"column":54},"end":{"line":99,"column":1}},"line":66}},"branchMap":{"0":{"loc":{"start":{"line":12,"column":15},"end":{"line":12,"column":32}},"type":"binary-expr","locations":[{"start":{"line":12,"column":15},"end":{"line":12,"column":24}},{"start":{"line":12,"column":28},"end":{"line":12,"column":32}}],"line":12},"1":{"loc":{"start":{"line":13,"column":17},"end":{"line":13,"column":36}},"type":"binary-expr","locations":[{"start":{"line":13,"column":17},"end":{"line":13,"column":28}},{"start":{"line":13,"column":32},"end":{"line":13,"column":36}}],"line":13},"2":{"loc":{"start":{"line":14,"column":18},"end":{"line":14,"column":38}},"type":"binary-expr","locations":[{"start":{"line":14,"column":18},"end":{"line":14,"column":30}},{"start":{"line":14,"column":34},"end":{"line":14,"column":38}}],"line":14},"3":{"loc":{"start":{"line":15,"column":19},"end":{"line":15,"column":40}},"type":"binary-expr","locations":[{"start":{"line":15,"column":19},"end":{"line":15,"column":32}},{"start":{"line":15,"column":36},"end":{"line":15,"column":40}}],"line":15},"4":{"loc":{"start":{"line":22,"column":10},"end":{"line":22,"column":18}},"type":"default-arg","locations":[{"start":{"line":22,"column":17},"end":{"line":22,"column":18}}],"line":22},"5":{"loc":{"start":{"line":22,"column":20},"end":{"line":22,"column":30}},"type":"default-arg","locations":[{"start":{"line":22,"column":28},"end":{"line":22,"column":30}}],"line":22},"6":{"loc":{"start":{"line":44,"column":2},"end":{"line":47,"column":69}},"type":"if","locations":[{"start":{"line":44,"column":2},"end":{"line":47,"column":69}},{"start":{},"end":{}}],"line":44},"7":{"loc":{"start":{"line":48,"column":10},"end":{"line":48,"column":18}},"type":"default-arg","locations":[{"start":{"line":48,"column":17},"end":{"line":48,"column":18}}],"line":48},"8":{"loc":{"start":{"line":48,"column":20},"end":{"line":48,"column":30}},"type":"default-arg","locations":[{"start":{"line":48,"column":28},"end":{"line":48,"column":30}}],"line":48},"9":{"loc":{"start":{"line":71,"column":2},"end":{"line":74,"column":69}},"type":"if","locations":[{"start":{"line":71,"column":2},"end":{"line":74,"column":69}},{"start":{},"end":{}}],"line":71},"10":{"loc":{"start":{"line":76,"column":2},"end":{"line":79,"column":68}},"type":"if","locations":[{"start":{"line":76,"column":2},"end":{"line":79,"column":68}},{"start":{},"end":{}}],"line":76},"11":{"loc":{"start":{"line":80,"column":2},"end":{"line":87,"column":3}},"type":"if","locations":[{"start":{"line":80,"column":2},"end":{"line":87,"column":3}},{"start":{},"end":{}}],"line":80},"12":{"loc":{"start":{"line":88,"column":2},"end":{"line":92,"column":3}},"type":"if","locations":[{"start":{"line":88,"column":2},"end":{"line":92,"column":3}},{"start":{},"end":{}}],"line":88}},"s":{"0":1,"1":1,"2":1,"3":1,"4":0,"5":0,"6":0,"7":1,"8":0,"9":0,"10":0,"11":0,"12":1,"13":0,"14":0,"15":0,"16":0,"17":0,"18":0,"19":0,"20":1,"21":0,"22":0,"23":0,"24":0,"25":0,"26":0,"27":0,"28":0,"29":0,"30":0,"31":0,"32":0,"33":0,"34":1},"f":{"0":0,"1":0,"2":0,"3":0},"b":{"0":[0,0],"1":[0,0],"2":[0,0],"3":[0,0],"4":[0],"5":[0],"6":[0,0],"7":[0],"8":[0],"9":[0,0],"10":[0,0],"11":[0,0],"12":[0,0]},"_coverageSchema":"1a1c01bbd47fc00a2c39e90264f33305004495a9","hash":"91fd76cc2c9748ebd9467fc96a255ffa2ae3da1c"}
,"C:\\Users\\Maria Candido\\Downloads\\ProjectoMC-main\\backend\\src\\controllers\\userController.js": {"path":"C:\\Users\\Maria Candido\\Downloads\\ProjectoMC-main\\backend\\src\\controllers\\userController.js","statementMap":{"0":{"start":{"line":4,"column":11},"end":{"line":4,"column":33}},"1":{"start":{"line":5,"column":27},"end":{"line":5,"column":72}},"2":{"start":{"line":6,"column":20},"end":{"line":6,"column":54}},"3":{"start":{"line":7,"column":21},"end":{"line":7,"column":53}},"4":{"start":{"line":8,"column":39},"end":{"line":8,"column":69}},"5":{"start":{"line":10,"column":14},"end":{"line":16,"column":2}},"6":{"start":{"line":11,"column":15},"end":{"line":13,"column":4}},"7":{"start":{"line":14,"column":2},"end":{"line":14,"column":100}},"8":{"start":{"line":14,"column":13},"end":{"line":14,"column":100}},"9":{"start":{"line":15,"column":2},"end":{"line":15,"column":84}},"10":{"start":{"line":18,"column":17},"end":{"line":25,"column":2}},"11":{"start":{"line":19,"column":18},"end":{"line":19,"column":71}},"12":{"start":{"line":20,"column":2},"end":{"line":20,"column":103}},"13":{"start":{"line":20,"column":16},"end":{"line":20,"column":103}},"14":{"start":{"line":21,"column":15},"end":{"line":23,"column":4}},"15":{"start":{"line":24,"column":2},"end":{"line":24,"column":84}},"16":{"start":{"line":27,"column":18},"end":{"line":41,"column":2}},"17":{"start":{"line":28,"column":49},"end":{"line":28,"column":58}},"18":{"start":{"line":29,"column":17},"end":{"line":29,"column":97}},"19":{"start":{"line":30,"column":26},"end":{"line":35,"column":4}},"20":{"start":{"line":36,"column":16},"end":{"line":36,"column":62}},"21":{"start":{"line":36,"column":32},"end":{"line":36,"column":61}},"22":{"start":{"line":37,"column":2},"end":{"line":40,"column":5}},"23":{"start":{"line":43,"column":16},"end":{"line":49,"column":2}},"24":{"start":{"line":44,"column":15},"end":{"line":46,"column":4}},"25":{"start":{"line":47,"column":2},"end":{"line":47,"column":100}},"26":{"start":{"line":47,"column":13},"end":{"line":47,"column":100}},"27":{"start":{"line":48,"column":2},"end":{"line":48,"column":84}},"28":{"start":{"line":51,"column":0},"end":{"line":56,"column":2}}},"fnMap":{"0":{"name":"(anonymous_0)","decl":{"start":{"line":10,"column":27},"end":{"line":10,"column":28}},"loc":{"start":{"line":10,"column":47},"end":{"line":16,"column":1}},"line":10},"1":{"name":"(anonymous_1)","decl":{"start":{"line":18,"column":30},"end":{"line":18,"column":31}},"loc":{"start":{"line":18,"column":50},"end":{"line":25,"column":1}},"line":18},"2":{"name":"(anonymous_2)","decl":{"start":{"line":27,"column":31},"end":{"line":27,"column":32}},"loc":{"start":{"line":27,"column":51},"end":{"line":41,"column":1}},"line":27},"3":{"name":"(anonymous_3)","decl":{"start":{"line":36,"column":25},"end":{"line":36,"column":26}},"loc":{"start":{"line":36,"column":32},"end":{"line":36,"column":61}},"line":36},"4":{"name":"(anonymous_4)","decl":{"start":{"line":43,"column":29},"end":{"line":43,"column":30}},"loc":{"start":{"line":43,"column":49},"end":{"line":49,"column":1}},"line":43}},"branchMap":{"0":{"loc":{"start":{"line":14,"column":2},"end":{"line":14,"column":100}},"type":"if","locations":[{"start":{"line":14,"column":2},"end":{"line":14,"column":100}},{"start":{},"end":{}}],"line":14},"1":{"loc":{"start":{"line":20,"column":2},"end":{"line":20,"column":103}},"type":"if","locations":[{"start":{"line":20,"column":2},"end":{"line":20,"column":103}},{"start":{},"end":{}}],"line":20},"2":{"loc":{"start":{"line":28,"column":24},"end":{"line":28,"column":32}},"type":"default-arg","locations":[{"start":{"line":28,"column":31},"end":{"line":28,"column":32}}],"line":28},"3":{"loc":{"start":{"line":28,"column":34},"end":{"line":28,"column":44}},"type":"default-arg","locations":[{"start":{"line":28,"column":42},"end":{"line":28,"column":44}}],"line":28},"4":{"loc":{"start":{"line":29,"column":71},"end":{"line":29,"column":96}},"type":"binary-expr","locations":[{"start":{"line":29,"column":71},"end":{"line":29,"column":90}},{"start":{"line":29,"column":94},"end":{"line":29,"column":96}}],"line":29},"5":{"loc":{"start":{"line":33,"column":25},"end":{"line":33,"column":50}},"type":"binary-expr","locations":[{"start":{"line":33,"column":25},"end":{"line":33,"column":44}},{"start":{"line":33,"column":48},"end":{"line":33,"column":50}}],"line":33},"6":{"loc":{"start":{"line":39,"column":66},"end":{"line":39,"column":91}},"type":"binary-expr","locations":[{"start":{"line":39,"column":66},"end":{"line":39,"column":85}},{"start":{"line":39,"column":89},"end":{"line":39,"column":91}}],"line":39},"7":{"loc":{"start":{"line":47,"column":2},"end":{"line":47,"column":100}},"type":"if","locations":[{"start":{"line":47,"column":2},"end":{"line":47,"column":100}},{"start":{},"end":{}}],"line":47}},"s":{"0":1,"1":1,"2":1,"3":1,"4":1,"5":1,"6":0,"7":0,"8":0,"9":0,"10":1,"11":0,"12":0,"13":0,"14":0,"15":0,"16":1,"17":0,"18":0,"19":0,"20":0,"21":0,"22":0,"23":1,"24":0,"25":0,"26":0,"27":0,"28":1},"f":{"0":0,"1":0,"2":0,"3":0,"4":0},"b":{"0":[0,0],"1":[0,0],"2":[0],"3":[0],"4":[0,0],"5":[0,0],"6":[0,0],"7":[0,0]},"_coverageSchema":"1a1c01bbd47fc00a2c39e90264f33305004495a9","hash":"3996f79ee0d5662d1a43d16d2dd7519de3b7b423"}
,"C:\\Users\\Maria Candido\\Downloads\\ProjectoMC-main\\backend\\src\\database\\index.js": {"path":"C:\\Users\\Maria Candido\\Downloads\\ProjectoMC-main\\backend\\src\\database\\index.js","statementMap":{"0":{"start":{"line":5,"column":22},"end":{"line":5,"column":42}},"1":{"start":{"line":6,"column":15},"end":{"line":6,"column":44}},"2":{"start":{"line":8,"column":12},"end":{"line":8,"column":49}},"3":{"start":{"line":9,"column":17},"end":{"line":9,"column":28}},"4":{"start":{"line":11,"column":18},"end":{"line":23,"column":1}},"5":{"start":{"line":25,"column":11},"end":{"line":36,"column":1}},"6":{"start":{"line":48,"column":4},"end":{"line":48,"column":6}},"7":{"start":{"line":51,"column":0},"end":{"line":51,"column":49}},"8":{"start":{"line":52,"column":0},"end":{"line":52,"column":52}},"9":{"start":{"line":55,"column":0},"end":{"line":55,"column":61}},"10":{"start":{"line":56,"column":0},"end":{"line":56,"column":63}},"11":{"start":{"line":59,"column":0},"end":{"line":59,"column":51}},"12":{"start":{"line":60,"column":0},"end":{"line":60,"column":53}},"13":{"start":{"line":63,"column":0},"end":{"line":63,"column":56}},"14":{"start":{"line":64,"column":0},"end":{"line":64,"column":58}},"15":{"start":{"line":65,"column":0},"end":{"line":65,"column":66}},"16":{"start":{"line":66,"column":0},"end":{"line":66,"column":68}},"17":{"start":{"line":67,"column":0},"end":{"line":67,"column":60}},"18":{"start":{"line":68,"column":0},"end":{"line":68,"column":62}},"19":{"start":{"line":71,"column":0},"end":{"line":71,"column":52}},"20":{"start":{"line":72,"column":0},"end":{"line":72,"column":55}},"21":{"start":{"line":73,"column":0},"end":{"line":73,"column":55}},"22":{"start":{"line":74,"column":0},"end":{"line":74,"column":57}},"23":{"start":{"line":77,"column":0},"end":{"line":77,"column":52}},"24":{"start":{"line":78,"column":0},"end":{"line":78,"column":54}},"25":{"start":{"line":79,"column":0},"end":{"line":79,"column":53}},"26":{"start":{"line":80,"column":0},"end":{"line":80,"column":55}},"27":{"start":{"line":81,"column":0},"end":{"line":81,"column":57}},"28":{"start":{"line":82,"column":0},"end":{"line":82,"column":59}},"29":{"start":{"line":84,"column":0},"end":{"line":84,"column":54}},"30":{"start":{"line":85,"column":0},"end":{"line":85,"column":56}},"31":{"start":{"line":87,"column":0},"end":{"line":87,"column":20}}},"fnMap":{},"branchMap":{"0":{"loc":{"start":{"line":8,"column":12},"end":{"line":8,"column":49}},"type":"binary-expr","locations":[{"start":{"line":8,"column":12},"end":{"line":8,"column":32}},{"start":{"line":8,"column":36},"end":{"line":8,"column":49}}],"line":8}},"s":{"0":1,"1":1,"2":1,"3":1,"4":1,"5":1,"6":1,"7":1,"8":1,"9":1,"10":1,"11":1,"12":1,"13":1,"14":1,"15":1,"16":1,"17":1,"18":1,"19":1,"20":1,"21":1,"22":1,"23":1,"24":1,"25":1,"26":1,"27":1,"28":1,"29":1,"30":1,"31":1},"f":{},"b":{"0":[1,0]},"_coverageSchema":"1a1c01bbd47fc00a2c39e90264f33305004495a9","hash":"7414090ae7b8da4262076b6a6652a195c69f3f8b"}
,"C:\\Users\\Maria Candido\\Downloads\\ProjectoMC-main\\backend\\src\\database\\migrations\\20240316000001-create-users.js": {"path":"C:\\Users\\Maria Candido\\Downloads\\ProjectoMC-main\\backend\\src\\database\\migrations\\20240316000001-create-users.js","statementMap":{"0":{"start":{"line":6,"column":0},"end":{"line":40,"column":2}},"1":{"start":{"line":8,"column":4},"end":{"line":32,"column":7}},"2":{"start":{"line":33,"column":4},"end":{"line":33,"column":72}},"3":{"start":{"line":34,"column":4},"end":{"line":34,"column":63}},"4":{"start":{"line":38,"column":4},"end":{"line":38,"column":44}}},"fnMap":{"0":{"name":"(anonymous_0)","decl":{"start":{"line":7,"column":2},"end":{"line":7,"column":3}},"loc":{"start":{"line":7,"column":38},"end":{"line":35,"column":3}},"line":7},"1":{"name":"(anonymous_1)","decl":{"start":{"line":37,"column":2},"end":{"line":37,"column":3}},"loc":{"start":{"line":37,"column":29},"end":{"line":39,"column":3}},"line":37}},"branchMap":{},"s":{"0":0,"1":0,"2":0,"3":0,"4":0},"f":{"0":0,"1":0},"b":{}}
,"C:\\Users\\Maria Candido\\Downloads\\ProjectoMC-main\\backend\\src\\database\\migrations\\20240316000002-create-farmacias.js": {"path":"C:\\Users\\Maria Candido\\Downloads\\ProjectoMC-main\\backend\\src\\database\\migrations\\20240316000002-create-farmacias.js","statementMap":{"0":{"start":{"line":6,"column":0},"end":{"line":45,"column":2}},"1":{"start":{"line":8,"column":4},"end":{"line":32,"column":7}},"2":{"start":{"line":33,"column":4},"end":{"line":38,"column":7}},"3":{"start":{"line":39,"column":4},"end":{"line":39,"column":74}},"4":{"start":{"line":43,"column":4},"end":{"line":43,"column":48}}},"fnMap":{"0":{"name":"(anonymous_0)","decl":{"start":{"line":7,"column":2},"end":{"line":7,"column":3}},"loc":{"start":{"line":7,"column":38},"end":{"line":40,"column":3}},"line":7},"1":{"name":"(anonymous_1)","decl":{"start":{"line":42,"column":2},"end":{"line":42,"column":3}},"loc":{"start":{"line":42,"column":29},"end":{"line":44,"column":3}},"line":42}},"branchMap":{},"s":{"0":0,"1":0,"2":0,"3":0,"4":0},"f":{"0":0,"1":0},"b":{}}
,"C:\\Users\\Maria Candido\\Downloads\\ProjectoMC-main\\backend\\src\\database\\migrations\\20240316000003-create-medicamentos.js": {"path":"C:\\Users\\Maria Candido\\Downloads\\ProjectoMC-main\\backend\\src\\database\\migrations\\20240316000003-create-medicamentos.js","statementMap":{"0":{"start":{"line":6,"column":0},"end":{"line":37,"column":2}},"1":{"start":{"line":8,"column":4},"end":{"line":24,"column":7}},"2":{"start":{"line":25,"column":4},"end":{"line":30,"column":7}},"3":{"start":{"line":31,"column":4},"end":{"line":31,"column":88}},"4":{"start":{"line":35,"column":4},"end":{"line":35,"column":51}}},"fnMap":{"0":{"name":"(anonymous_0)","decl":{"start":{"line":7,"column":2},"end":{"line":7,"column":3}},"loc":{"start":{"line":7,"column":38},"end":{"line":32,"column":3}},"line":7},"1":{"name":"(anonymous_1)","decl":{"start":{"line":34,"column":2},"end":{"line":34,"column":3}},"loc":{"start":{"line":34,"column":29},"end":{"line":36,"column":3}},"line":34}},"branchMap":{},"s":{"0":0,"1":0,"2":0,"3":0,"4":0},"f":{"0":0,"1":0},"b":{}}
,"C:\\Users\\Maria Candido\\Downloads\\ProjectoMC-main\\backend\\src\\database\\migrations\\20240316000004-create-pedidos.js": {"path":"C:\\Users\\Maria Candido\\Downloads\\ProjectoMC-main\\backend\\src\\database\\migrations\\20240316000004-create-pedidos.js","statementMap":{"0":{"start":{"line":6,"column":0},"end":{"line":67,"column":2}},"1":{"start":{"line":8,"column":4},"end":{"line":24,"column":7}},"2":{"start":{"line":25,"column":4},"end":{"line":30,"column":7}},"3":{"start":{"line":31,"column":4},"end":{"line":31,"column":71}},"4":{"start":{"line":33,"column":4},"end":{"line":42,"column":7}},"5":{"start":{"line":43,"column":4},"end":{"line":48,"column":7}},"6":{"start":{"line":49,"column":4},"end":{"line":54,"column":7}},"7":{"start":{"line":55,"column":4},"end":{"line":60,"column":7}},"8":{"start":{"line":64,"column":4},"end":{"line":64,"column":51}},"9":{"start":{"line":65,"column":4},"end":{"line":65,"column":46}}},"fnMap":{"0":{"name":"(anonymous_0)","decl":{"start":{"line":7,"column":2},"end":{"line":7,"column":3}},"loc":{"start":{"line":7,"column":38},"end":{"line":61,"column":3}},"line":7},"1":{"name":"(anonymous_1)","decl":{"start":{"line":63,"column":2},"end":{"line":63,"column":3}},"loc":{"start":{"line":63,"column":29},"end":{"line":66,"column":3}},"line":63}},"branchMap":{},"s":{"0":0,"1":0,"2":0,"3":0,"4":0,"5":0,"6":0,"7":0,"8":0,"9":0},"f":{"0":0,"1":0},"b":{}}
,"C:\\Users\\Maria Candido\\Downloads\\ProjectoMC-main\\backend\\src\\database\\migrations\\20240316000005-create-entregas-receitas.js": {"path":"C:\\Users\\Maria Candido\\Downloads\\ProjectoMC-main\\backend\\src\\database\\migrations\\20240316000005-create-entregas-receitas.js","statementMap":{"0":{"start":{"line":6,"column":0},"end":{"line":75,"column":2}},"1":{"start":{"line":8,"column":4},"end":{"line":21,"column":7}},"2":{"start":{"line":22,"column":4},"end":{"line":27,"column":7}},"3":{"start":{"line":28,"column":4},"end":{"line":33,"column":7}},"4":{"start":{"line":34,"column":4},"end":{"line":34,"column":75}},"5":{"start":{"line":36,"column":4},"end":{"line":50,"column":7}},"6":{"start":{"line":51,"column":4},"end":{"line":56,"column":7}},"7":{"start":{"line":57,"column":4},"end":{"line":62,"column":7}},"8":{"start":{"line":63,"column":4},"end":{"line":68,"column":7}},"9":{"start":{"line":72,"column":4},"end":{"line":72,"column":47}},"10":{"start":{"line":73,"column":4},"end":{"line":73,"column":47}}},"fnMap":{"0":{"name":"(anonymous_0)","decl":{"start":{"line":7,"column":2},"end":{"line":7,"column":3}},"loc":{"start":{"line":7,"column":38},"end":{"line":69,"column":3}},"line":7},"1":{"name":"(anonymous_1)","decl":{"start":{"line":71,"column":2},"end":{"line":71,"column":3}},"loc":{"start":{"line":71,"column":29},"end":{"line":74,"column":3}},"line":71}},"branchMap":{},"s":{"0":0,"1":0,"2":0,"3":0,"4":0,"5":0,"6":0,"7":0,"8":0,"9":0,"10":0},"f":{"0":0,"1":0},"b":{}}
,"C:\\Users\\Maria Candido\\Downloads\\ProjectoMC-main\\backend\\src\\database\\migrations\\20240316000006-create-refresh-tokens.js": {"path":"C:\\Users\\Maria Candido\\Downloads\\ProjectoMC-main\\backend\\src\\database\\migrations\\20240316000006-create-refresh-tokens.js","statementMap":{"0":{"start":{"line":6,"column":0},"end":{"line":28,"column":2}},"1":{"start":{"line":8,"column":4},"end":{"line":15,"column":7}},"2":{"start":{"line":16,"column":4},"end":{"line":21,"column":7}},"3":{"start":{"line":22,"column":4},"end":{"line":22,"column":63}},"4":{"start":{"line":26,"column":4},"end":{"line":26,"column":53}}},"fnMap":{"0":{"name":"(anonymous_0)","decl":{"start":{"line":7,"column":2},"end":{"line":7,"column":3}},"loc":{"start":{"line":7,"column":38},"end":{"line":23,"column":3}},"line":7},"1":{"name":"(anonymous_1)","decl":{"start":{"line":25,"column":2},"end":{"line":25,"column":3}},"loc":{"start":{"line":25,"column":29},"end":{"line":27,"column":3}},"line":25}},"branchMap":{},"s":{"0":0,"1":0,"2":0,"3":0,"4":0},"f":{"0":0,"1":0},"b":{}}
,"C:\\Users\\Maria Candido\\Downloads\\ProjectoMC-main\\backend\\src\\database\\seeders\\20240316000001-demo-user.js": {"path":"C:\\Users\\Maria Candido\\Downloads\\ProjectoMC-main\\backend\\src\\database\\seeders\\20240316000001-demo-user.js","statementMap":{"0":{"start":{"line":7,"column":15},"end":{"line":7,"column":32}},"1":{"start":{"line":9,"column":0},"end":{"line":46,"column":2}},"2":{"start":{"line":11,"column":21},"end":{"line":11,"column":52}},"3":{"start":{"line":12,"column":22},"end":{"line":12,"column":55}},"4":{"start":{"line":13,"column":16},"end":{"line":13,"column":26}},"5":{"start":{"line":15,"column":4},"end":{"line":40,"column":7}},"6":{"start":{"line":44,"column":4},"end":{"line":44,"column":101}}},"fnMap":{"0":{"name":"(anonymous_0)","decl":{"start":{"line":10,"column":2},"end":{"line":10,"column":3}},"loc":{"start":{"line":10,"column":38},"end":{"line":41,"column":3}},"line":10},"1":{"name":"(anonymous_1)","decl":{"start":{"line":43,"column":2},"end":{"line":43,"column":3}},"loc":{"start":{"line":43,"column":29},"end":{"line":45,"column":3}},"line":43}},"branchMap":{},"s":{"0":0,"1":0,"2":0,"3":0,"4":0,"5":0,"6":0},"f":{"0":0,"1":0},"b":{}}
,"C:\\Users\\Maria Candido\\Downloads\\ProjectoMC-main\\backend\\src\\middlewares\\auth.js": {"path":"C:\\Users\\Maria Candido\\Downloads\\ProjectoMC-main\\backend\\src\\middlewares\\auth.js","statementMap":{"0":{"start":{"line":4,"column":12},"end":{"line":4,"column":35}},"1":{"start":{"line":5,"column":18},"end":{"line":5,"column":42}},"2":{"start":{"line":6,"column":11},"end":{"line":6,"column":33}},"3":{"start":{"line":7,"column":22},"end":{"line":7,"column":47}},"4":{"start":{"line":14,"column":2},"end":{"line":41,"column":3}},"5":{"start":{"line":15,"column":23},"end":{"line":15,"column":48}},"6":{"start":{"line":16,"column":4},"end":{"line":18,"column":5}},"7":{"start":{"line":17,"column":6},"end":{"line":17,"column":78}},"8":{"start":{"line":19,"column":18},"end":{"line":19,"column":37}},"9":{"start":{"line":20,"column":20},"end":{"line":20,"column":55}},"10":{"start":{"line":22,"column":17},"end":{"line":22,"column":77}},"11":{"start":{"line":23,"column":4},"end":{"line":25,"column":5}},"12":{"start":{"line":24,"column":6},"end":{"line":24,"column":62}},"13":{"start":{"line":26,"column":4},"end":{"line":28,"column":5}},"14":{"start":{"line":27,"column":6},"end":{"line":27,"column":75}},"15":{"start":{"line":30,"column":4},"end":{"line":30,"column":20}},"16":{"start":{"line":31,"column":4},"end":{"line":31,"column":25}},"17":{"start":{"line":32,"column":4},"end":{"line":32,"column":11}},"18":{"start":{"line":34,"column":4},"end":{"line":36,"column":5}},"19":{"start":{"line":35,"column":6},"end":{"line":35,"column":51}},"20":{"start":{"line":37,"column":4},"end":{"line":39,"column":5}},"21":{"start":{"line":38,"column":6},"end":{"line":38,"column":51}},"22":{"start":{"line":40,"column":4},"end":{"line":40,"column":14}},"23":{"start":{"line":48,"column":21},"end":{"line":48,"column":46}},"24":{"start":{"line":49,"column":2},"end":{"line":51,"column":3}},"25":{"start":{"line":50,"column":4},"end":{"line":50,"column":18}},"26":{"start":{"line":52,"column":2},"end":{"line":52,"column":38}},"27":{"start":{"line":59,"column":2},"end":{"line":67,"column":4}},"28":{"start":{"line":60,"column":4},"end":{"line":62,"column":5}},"29":{"start":{"line":61,"column":6},"end":{"line":61,"column":60}},"30":{"start":{"line":63,"column":4},"end":{"line":65,"column":5}},"31":{"start":{"line":64,"column":6},"end":{"line":64,"column":68}},"32":{"start":{"line":66,"column":4},"end":{"line":66,"column":11}},"33":{"start":{"line":70,"column":0},"end":{"line":70,"column":62}}},"fnMap":{"0":{"name":"authenticate","decl":{"start":{"line":13,"column":15},"end":{"line":13,"column":27}},"loc":{"start":{"line":13,"column":44},"end":{"line":42,"column":1}},"line":13},"1":{"name":"optionalAuth","decl":{"start":{"line":47,"column":15},"end":{"line":47,"column":27}},"loc":{"start":{"line":47,"column":44},"end":{"line":53,"column":1}},"line":47},"2":{"name":"requireRoles","decl":{"start":{"line":58,"column":9},"end":{"line":58,"column":21}},"loc":{"start":{"line":58,"column":36},"end":{"line":68,"column":1}},"line":58},"3":{"name":"(anonymous_3)","decl":{"start":{"line":59,"column":9},"end":{"line":59,"column":10}},"loc":{"start":{"line":59,"column":29},"end":{"line":67,"column":3}},"line":59}},"branchMap":{"0":{"loc":{"start":{"line":16,"column":4},"end":{"line":18,"column":5}},"type":"if","locations":[{"start":{"line":16,"column":4},"end":{"line":18,"column":5}},{"start":{},"end":{}}],"line":16},"1":{"loc":{"start":{"line":16,"column":8},"end":{"line":16,"column":56}},"type":"binary-expr","locations":[{"start":{"line":16,"column":8},"end":{"line":16,"column":19}},{"start":{"line":16,"column":23},"end":{"line":16,"column":56}}],"line":16},"2":{"loc":{"start":{"line":23,"column":4},"end":{"line":25,"column":5}},"type":"if","locations":[{"start":{"line":23,"column":4},"end":{"line":25,"column":5}},{"start":{},"end":{}}],"line":23},"3":{"loc":{"start":{"line":26,"column":4},"end":{"line":28,"column":5}},"type":"if","locations":[{"start":{"line":26,"column":4},"end":{"line":28,"column":5}},{"start":{},"end":{}}],"line":26},"4":{"loc":{"start":{"line":26,"column":8},"end":{"line":26,"column":56}},"type":"binary-expr","locations":[{"start":{"line":26,"column":8},"end":{"line":26,"column":31}},{"start":{"line":26,"column":35},"end":{"line":26,"column":56}}],"line":26},"5":{"loc":{"start":{"line":34,"column":4},"end":{"line":36,"column":5}},"type":"if","locations":[{"start":{"line":34,"column":4},"end":{"line":36,"column":5}},{"start":{},"end":{}}],"line":34},"6":{"loc":{"start":{"line":37,"column":4},"end":{"line":39,"column":5}},"type":"if","locations":[{"start":{"line":37,"column":4},"end":{"line":39,"column":5}},{"start":{},"end":{}}],"line":37},"7":{"loc":{"start":{"line":49,"column":2},"end":{"line":51,"column":3}},"type":"if","locations":[{"start":{"line":49,"column":2},"end":{"line":51,"column":3}},{"start":{},"end":{}}],"line":49},"8":{"loc":{"start":{"line":49,"column":6},"end":{"line":49,"column":54}},"type":"binary-expr","locations":[{"start":{"line":49,"column":6},"end":{"line":49,"column":17}},{"start":{"line":49,"column":21},"end":{"line":49,"column":54}}],"line":49},"9":{"loc":{"start":{"line":60,"column":4},"end":{"line":62,"column":5}},"type":"if","locations":[{"start":{"line":60,"column":4},"end":{"line":62,"column":5}},{"start":{},"end":{}}],"line":60},"10":{"loc":{"start":{"line":63,"column":4},"end":{"line":65,"column":5}},"type":"if","locations":[{"start":{"line":63,"column":4},"end":{"line":65,"column":5}},{"start":{},"end":{}}],"line":63}},"s":{"0":1,"1":1,"2":1,"3":1,"4":0,"5":0,"6":0,"7":0,"8":0,"9":0,"10":0,"11":0,"12":0,"13":0,"14":0,"15":0,"16":0,"17":0,"18":0,"19":0,"20":0,"21":0,"22":0,"23":0,"24":0,"25":0,"26":0,"27":19,"28":0,"29":0,"30":0,"31":0,"32":0,"33":1},"f":{"0":0,"1":0,"2":19,"3":0},"b":{"0":[0,0],"1":[0,0],"2":[0,0],"3":[0,0],"4":[0,0],"5":[0,0],"6":[0,0],"7":[0,0],"8":[0,0],"9":[0,0],"10":[0,0]},"_coverageSchema":"1a1c01bbd47fc00a2c39e90264f33305004495a9","hash":"402ed425b00b1179e5e010c8c78e2310901511b9"}
,"C:\\Users\\Maria Candido\\Downloads\\ProjectoMC-main\\backend\\src\\middlewares\\errorHandler.js": {"path":"C:\\Users\\Maria Candido\\Downloads\\ProjectoMC-main\\backend\\src\\middlewares\\errorHandler.js","statementMap":{"0":{"start":{"line":5,"column":15},"end":{"line":5,"column":42}},"1":{"start":{"line":15,"column":15},"end":{"line":15,"column":43}},"2":{"start":{"line":16,"column":2},"end":{"line":16,"column":38}},"3":{"start":{"line":16,"column":15},"end":{"line":16,"column":38}},"4":{"start":{"line":17,"column":2},"end":{"line":17,"column":36}},"5":{"start":{"line":24,"column":2},"end":{"line":24,"column":48}},"6":{"start":{"line":31,"column":2},"end":{"line":31,"column":35}},"7":{"start":{"line":33,"column":2},"end":{"line":35,"column":3}},"8":{"start":{"line":34,"column":4},"end":{"line":34,"column":62}},"9":{"start":{"line":36,"column":2},"end":{"line":38,"column":3}},"10":{"start":{"line":37,"column":4},"end":{"line":37,"column":75}},"11":{"start":{"line":39,"column":2},"end":{"line":41,"column":3}},"12":{"start":{"line":40,"column":4},"end":{"line":40,"column":54}},"13":{"start":{"line":42,"column":2},"end":{"line":44,"column":3}},"14":{"start":{"line":43,"column":4},"end":{"line":43,"column":64}},"15":{"start":{"line":45,"column":2},"end":{"line":47,"column":3}},"16":{"start":{"line":46,"column":4},"end":{"line":46,"column":63}},"17":{"start":{"line":49,"column":17},"end":{"line":49,"column":52}},"18":{"start":{"line":50,"column":18},"end":{"line":50,"column":106}},"19":{"start":{"line":51,"column":2},"end":{"line":51,"column":34}},"20":{"start":{"line":54,"column":0},"end":{"line":54,"column":62}}},"fnMap":{"0":{"name":"sendError","decl":{"start":{"line":14,"column":9},"end":{"line":14,"column":18}},"loc":{"start":{"line":14,"column":61},"end":{"line":18,"column":1}},"line":14},"1":{"name":"notFoundHandler","decl":{"start":{"line":23,"column":9},"end":{"line":23,"column":24}},"loc":{"start":{"line":23,"column":41},"end":{"line":25,"column":1}},"line":23},"2":{"name":"errorHandler","decl":{"start":{"line":30,"column":9},"end":{"line":30,"column":21}},"loc":{"start":{"line":30,"column":43},"end":{"line":52,"column":1}},"line":30}},"branchMap":{"0":{"loc":{"start":{"line":14,"column":45},"end":{"line":14,"column":59}},"type":"default-arg","locations":[{"start":{"line":14,"column":55},"end":{"line":14,"column":59}}],"line":14},"1":{"loc":{"start":{"line":16,"column":2},"end":{"line":16,"column":38}},"type":"if","locations":[{"start":{"line":16,"column":2},"end":{"line":16,"column":38}},{"start":{},"end":{}}],"line":16},"2":{"loc":{"start":{"line":31,"column":15},"end":{"line":31,"column":33}},"type":"binary-expr","locations":[{"start":{"line":31,"column":15},"end":{"line":31,"column":26}},{"start":{"line":31,"column":30},"end":{"line":31,"column":33}}],"line":31},"3":{"loc":{"start":{"line":33,"column":2},"end":{"line":35,"column":3}},"type":"if","locations":[{"start":{"line":33,"column":2},"end":{"line":35,"column":3}},{"start":{},"end":{}}],"line":33},"4":{"loc":{"start":{"line":36,"column":2},"end":{"line":38,"column":3}},"type":"if","locations":[{"start":{"line":36,"column":2},"end":{"line":38,"column":3}},{"start":{},"end":{}}],"line":36},"5":{"loc":{"start":{"line":39,"column":2},"end":{"line":41,"column":3}},"type":"if","locations":[{"start":{"line":39,"column":2},"end":{"line":41,"column":3}},{"start":{},"end":{}}],"line":39},"6":{"loc":{"start":{"line":42,"column":2},"end":{"line":44,"column":3}},"type":"if","locations":[{"start":{"line":42,"column":2},"end":{"line":44,"column":3}},{"start":{},"end":{}}],"line":42},"7":{"loc":{"start":{"line":43,"column":31},"end":{"line":43,"column":62}},"type":"binary-expr","locations":[{"start":{"line":43,"column":31},"end":{"line":43,"column":42}},{"start":{"line":43,"column":46},"end":{"line":43,"column":62}}],"line":43},"8":{"loc":{"start":{"line":45,"column":2},"end":{"line":47,"column":3}},"type":"if","locations":[{"start":{"line":45,"column":2},"end":{"line":47,"column":3}},{"start":{},"end":{}}],"line":45},"9":{"loc":{"start":{"line":46,"column":31},"end":{"line":46,"column":61}},"type":"binary-expr","locations":[{"start":{"line":46,"column":31},"end":{"line":46,"column":42}},{"start":{"line":46,"column":46},"end":{"line":46,"column":61}}],"line":46},"10":{"loc":{"start":{"line":49,"column":17},"end":{"line":49,"column":52}},"type":"binary-expr","locations":[{"start":{"line":49,"column":17},"end":{"line":49,"column":31}},{"start":{"line":49,"column":35},"end":{"line":49,"column":45}},{"start":{"line":49,"column":49},"end":{"line":49,"column":52}}],"line":49},"11":{"loc":{"start":{"line":50,"column":18},"end":{"line":50,"column":106}},"type":"cond-expr","locations":[{"start":{"line":50,"column":58},"end":{"line":50,"column":72}},{"start":{"line":50,"column":76},"end":{"line":50,"column":105}}],"line":50},"12":{"loc":{"start":{"line":50,"column":76},"end":{"line":50,"column":105}},"type":"binary-expr","locations":[{"start":{"line":50,"column":76},"end":{"line":50,"column":87}},{"start":{"line":50,"column":91},"end":{"line":50,"column":105}}],"line":50}},"s":{"0":1,"1":2,"2":2,"3":1,"4":2,"5":0,"6":1,"7":1,"8":0,"9":1,"10":0,"11":1,"12":0,"13":1,"14":0,"15":1,"16":0,"17":1,"18":1,"19":1,"20":1},"f":{"0":2,"1":0,"2":1},"b":{"0":[1],"1":[1,1],"2":[1,1],"3":[0,1],"4":[0,1],"5":[0,1],"6":[0,1],"7":[0,0],"8":[0,1],"9":[0,0],"10":[1,1,1],"11":[0,1],"12":[1,1]},"_coverageSchema":"1a1c01bbd47fc00a2c39e90264f33305004495a9","hash":"1cae9ad953c986c57d5b4bafd833e94f2a8667f2"}
[...]
,"column":1}},"line":97},"3":{"name":"generateAndSaveRefreshToken","decl":{"start":{"line":101,"column":15},"end":{"line":101,"column":42}},"loc":{"start":{"line":101,"column":51},"end":{"line":110,"column":1}},"line":101},"4":{"name":"login","decl":{"start":{"line":115,"column":15},"end":{"line":115,"column":20}},"loc":{"start":{"line":115,"column":49},"end":{"line":156,"column":1}},"line":115},"5":{"name":"refresh","decl":{"start":{"line":161,"column":15},"end":{"line":161,"column":22}},"loc":{"start":{"line":161,"column":42},"end":{"line":186,"column":1}},"line":161},"6":{"name":"logout","decl":{"start":{"line":191,"column":15},"end":{"line":191,"column":21}},"loc":{"start":{"line":191,"column":41},"end":{"line":196,"column":1}},"line":191},"7":{"name":"checkEmailExists","decl":{"start":{"line":201,"column":15},"end":{"line":201,"column":31}},"loc":{"start":{"line":201,"column":39},"end":{"line":204,"column":1}},"line":201}},"branchMap":{"0":{"loc":{"start":{"line":17,"column":12},"end":{"line":17,"column":55}},"type":"cond-expr","locations":[{"start":{"line":17,"column":23},"end":{"line":17,"column":48}},{"start":{"line":17,"column":51},"end":{"line":17,"column":55}}],"line":17},"1":{"loc":{"start":{"line":20,"column":2},"end":{"line":22,"column":3}},"type":"if","locations":[{"start":{"line":20,"column":2},"end":{"line":22,"column":3}},{"start":{},"end":{}}],"line":20},"2":{"loc":{"start":{"line":34,"column":2},"end":{"line":38,"column":3}},"type":"if","locations":[{"start":{"line":34,"column":2},"end":{"line":38,"column":3}},{"start":{},"end":{}}],"line":34},"3":{"loc":{"start":{"line":41,"column":17},"end":{"line":41,"column":100}},"type":"cond-expr","locations":[{"start":{"line":41,"column":70},"end":{"line":41,"column":90}},{"start":{"line":41,"column":93},"end":{"line":41,"column":100}}],"line":41},"4":{"loc":{"start":{"line":47,"column":14},"end":{"line":47,"column":30}},"type":"binary-expr","locations":[{"start":{"line":47,"column":14},"end":{"line":47,"column":22}},{"start":{"line":47,"column":26},"end":{"line":47,"column":30}}],"line":47},"5":{"loc":{"start":{"line":50,"column":21},"end":{"line":50,"column":48}},"type":"binary-expr","locations":[{"start":{"line":50,"column":21},"end":{"line":50,"column":40}},{"start":{"line":50,"column":44},"end":{"line":50,"column":48}}],"line":50},"6":{"loc":{"start":{"line":51,"column":15},"end":{"line":51,"column":37}},"type":"binary-expr","locations":[{"start":{"line":51,"column":15},"end":{"line":51,"column":29}},{"start":{"line":51,"column":33},"end":{"line":51,"column":37}}],"line":51},"7":{"loc":{"start":{"line":52,"column":15},"end":{"line":52,"column":37}},"type":"binary-expr","locations":[{"start":{"line":52,"column":15},"end":{"line":52,"column":29}},{"start":{"line":52,"column":33},"end":{"line":52,"column":37}}],"line":52},"8":{"loc":{"start":{"line":53,"column":14},"end":{"line":53,"column":35}},"type":"binary-expr","locations":[{"start":{"line":53,"column":14},"end":{"line":53,"column":27}},{"start":{"line":53,"column":31},"end":{"line":53,"column":35}}],"line":53},"9":{"loc":{"start":{"line":54,"column":13},"end":{"line":54,"column":33}},"type":"binary-expr","locations":[{"start":{"line":54,"column":13},"end":{"line":54,"column":25}},{"start":{"line":54,"column":29},"end":{"line":54,"column":33}}],"line":54},"10":{"loc":{"start":{"line":55,"column":19},"end":{"line":55,"column":44}},"type":"binary-expr","locations":[{"start":{"line":55,"column":19},"end":{"line":55,"column":36}},{"start":{"line":55,"column":40},"end":{"line":55,"column":44}}],"line":55},"11":{"loc":{"start":{"line":56,"column":11},"end":{"line":56,"column":29}},"type":"binary-expr","locations":[{"start":{"line":56,"column":11},"end":{"line":56,"column":21}},{"start":{"line":56,"column":25},"end":{"line":56,"column":29}}],"line":56},"12":{"loc":{"start":{"line":57,"column":18},"end":{"line":57,"column":43}},"type":"binary-expr","locations":[{"start":{"line":57,"column":18},"end":{"line":57,"column":35}},{"start":{"line":57,"column":39},"end":{"line":57,"column":43}}],"line":57},"13":{"loc":{"start":{"line":62,"column":2},"end":{"line":79,"column":3}},"type":"if","locations":[{"start":{"line":62,"column":2},"end":{"line":79,"column":3}},{"start":{},"end":{}}],"line":62},"14":{"loc":{"start":{"line":62,"column":6},"end":{"line":62,"column":46}},"type":"binary-expr","locations":[{"start":{"line":62,"column":6},"end":{"line":62,"column":25}},{"start":{"line":62,"column":29},"end":{"line":62,"column":46}}],"line":62},"15":{"loc":{"start":{"line":66,"column":11},"end":{"line":66,"column":27}},"type":"binary-expr","locations":[{"start":{"line":66,"column":11},"end":{"line":66,"column":19}},{"start":{"line":66,"column":23},"end":{"line":66,"column":27}}],"line":66},"16":{"loc":{"start":{"line":67,"column":29},"end":{"line":67,"column":62}},"type":"binary-expr","locations":[{"start":{"line":67,"column":29},"end":{"line":67,"column":54}},{"start":{"line":67,"column":58},"end":{"line":67,"column":62}}],"line":67},"17":{"loc":{"start":{"line":68,"column":17},"end":{"line":68,"column":39}},"type":"binary-expr","locations":[{"start":{"line":68,"column":17},"end":{"line":68,"column":31}},{"start":{"line":68,"column":35},"end":{"line":68,"column":39}}],"line":68},"18":{"loc":{"start":{"line":69,"column":17},"end":{"line":69,"column":39}},"type":"binary-expr","locations":[{"start":{"line":69,"column":17},"end":{"line":69,"column":31}},{"start":{"line":69,"column":35},"end":{"line":69,"column":39}}],"line":69},"19":{"loc":{"start":{"line":70,"column":14},"end":{"line":70,"column":33}},"type":"binary-expr","locations":[{"start":{"line":70,"column":14},"end":{"line":70,"column":25}},{"start":{"line":70,"column":29},"end":{"line":70,"column":33}}],"line":70},"20":{"loc":{"start":{"line":71,"column":11},"end":{"line":71,"column":27}},"type":"binary-expr","locations":[{"start":{"line":71,"column":11},"end":{"line":71,"column":19}},{"start":{"line":71,"column":23},"end":{"line":71,"column":27}}],"line":71},"21":{"loc":{"start":{"line":72,"column":20},"end":{"line":72,"column":44}},"type":"binary-expr","locations":[{"start":{"line":72,"column":20},"end":{"line":72,"column":36}},{"start":{"line":72,"column":40},"end":{"line":72,"column":44}}],"line":72},"22":{"loc":{"start":{"line":73,"column":24},"end":{"line":73,"column":52}},"type":"binary-expr","locations":[{"start":{"line":73,"column":24},"end":{"line":73,"column":44}},{"start":{"line":73,"column":48},"end":{"line":73,"column":52}}],"line":73},"23":{"loc":{"start":{"line":74,"column":26},"end":{"line":74,"column":56}},"type":"binary-expr","locations":[{"start":{"line":74,"column":26},"end":{"line":74,"column":48}},{"start":{"line":74,"column":52},"end":{"line":74,"column":56}}],"line":74},"24":{"loc":{"start":{"line":75,"column":25},"end":{"line":75,"column":54}},"type":"binary-expr","locations":[{"start":{"line":75,"column":25},"end":{"line":75,"column":46}},{"start":{"line":75,"column":50},"end":{"line":75,"column":54}}],"line":75},"25":{"loc":{"start":{"line":76,"column":27},"end":{"line":76,"column":58}},"type":"binary-expr","locations":[{"start":{"line":76,"column":27},"end":{"line":76,"column":50}},{"start":{"line":76,"column":54},"end":{"line":76,"column":58}}],"line":76},"26":{"loc":{"start":{"line":77,"column":24},"end":{"line":77,"column":52}},"type":"binary-expr","locations":[{"start":{"line":77,"column":24},"end":{"line":77,"column":44}},{"start":{"line":77,"column":48},"end":{"line":77,"column":52}}],"line":77},"27":{"loc":{"start":{"line":82,"column":22},"end":{"line":82,"column":76}},"type":"cond-expr","locations":[{"start":{"line":82,"column":41},"end":{"line":82,"column":45}},{"start":{"line":82,"column":48},"end":{"line":82,"column":76}}],"line":82},"28":{"loc":{"start":{"line":83,"column":23},"end":{"line":83,"column":91}},"type":"cond-expr","locations":[{"start":{"line":83,"column":42},"end":{"line":83,"column":46}},{"start":{"line":83,"column":49},"end":{"line":83,"column":91}}],"line":83},"29":{"loc":{"start":{"line":91,"column":13},"end":{"line":93,"column":35}},"type":"cond-expr","locations":[{"start":{"line":92,"column":8},"end":{"line":92,"column":57}},{"start":{"line":93,"column":8},"end":{"line":93,"column":35}}],"line":91},"30":{"loc":{"start":{"line":116,"column":18},"end":{"line":116,"column":68}},"type":"binary-expr","locations":[{"start":{"line":116,"column":18},"end":{"line":116,"column":39}},{"start":{"line":116,"column":43},"end":{"line":116,"column":68}}],"line":116},"31":{"loc":{"start":{"line":117,"column":15},"end":{"line":119,"column":50}},"type":"cond-expr","locations":[{"start":{"line":118,"column":6},"end":{"line":118,"column":53}},{"start":{"line":119,"column":6},"end":{"line":119,"column":50}}],"line":117},"32":{"loc":{"start":{"line":121,"column":2},"end":{"line":125,"column":3}},"type":"if","locations":[{"start":{"line":121,"column":2},"end":{"line":125,"column":3}},{"start":{},"end":{}}],"line":121},"33":{"loc":{"start":{"line":127,"column":2},"end":{"line":131,"column":3}},"type":"if","locations":[{"start":{"line":127,"column":2},"end":{"line":131,"column":3}},{"start":{},"end":{}}],"line":127},"34":{"loc":{"start":{"line":134,"column":2},"end":{"line":138,"column":3}},"type":"if","locations":[{"start":{"line":134,"column":2},"end":{"line":138,"column":3}},{"start":{},"end":{}}],"line":134},"35":{"loc":{"start":{"line":140,"column":2},"end":{"line":144,"column":3}},"type":"if","locations":[{"start":{"line":140,"column":2},"end":{"line":144,"column":3}},{"start":{},"end":{}}],"line":140},"36":{"loc":{"start":{"line":163,"column":2},"end":{"line":167,"column":3}},"type":"if","locations":[{"start":{"line":163,"column":2},"end":{"line":167,"column":3}},{"start":{},"end":{}}],"line":163},"37":{"loc":{"start":{"line":168,"column":2},"end":{"line":172,"column":3}},"type":"if","locations":[{"start":{"line":168,"column":2},"end":{"line":172,"column":3}},{"start":{},"end":{}}],"line":168},"38":{"loc":{"start":{"line":192,"column":2},"end":{"line":194,"column":3}},"type":"if","locations":[{"start":{"line":192,"column":2},"end":{"line":194,"column":3}},{"start":{},"end":{}}],"line":192}},"s":{"0":1,"1":1,"2":1,"3":1,"4":1,"5":1,"6":0,"7":0,"8":0,"9":0,"10":0,"11":0,"12":0,"13":0,"14":0,"15":0,"16":0,"17":0,"18":0,"19":0,"20":0,"21":0,"22":0,"23":0,"24":0,"25":0,"26":0,"27":0,"28":0,"29":0,"30":0,"31":0,"32":0,"33":0,"34":1,"35":1,"36":0,"37":0,"38":0,"39":0,"40":0,"41":0,"42":0,"43":0,"44":0,"45":0,"46":0,"47":0,"48":0,"49":0,"50":0,"51":0,"52":0,"53":0,"54":0,"55":0,"56":0,"57":0,"58":0,"59":0,"60":0,"61":0,"62":0,"63":0,"64":0,"65":0,"66":0,"67":0,"68":0,"69":0,"70":0,"71":0,"72":0,"73":0,"74":0,"75":0,"76":0,"77":1},"f":{"0":0,"1":0,"2":0,"3":0,"4":1,"5":0,"6":0,"7":0},"b":{"0":[0,0],"1":[0,0],"2":[0,0],"3":[0,0],"4":[0,0],"5":[0,0],"6":[0,0],"7":[0,0],"8":[0,0],"9":[0,0],"10":[0,0],"11":[0,0],"12":[0,0],"13":[0,0],"14":[0,0],"15":[0,0],"16":[0,0],"17":[0,0],"18":[0,0],"19":[0,0],"20":[0,0],"21":[0,0],"22":[0,0],"23":[0,0],"24":[0,0],"25":[0,0],"26":[0,0],"27":[0,0],"28":[0,0],"29":[0,0],"30":[1,0],"31":[0,1],"32":[0,0],"33":[0,0],"34":[0,0],"35":[0,0],"36":[0,0],"37":[0,0],"38":[0,0]},"_coverageSchema":"1a1c01bbd47fc00a2c39e90264f33305004495a9","hash":"54aeca4da44a7847609315d1b574cdadd0f579d5"}
,"C:\\Users\\Maria Candido\\Downloads\\ProjectoMC-main\\backend\\src\\services\\farmaciaService.js": {"path":"C:\\Users\\Maria Candido\\Downloads\\ProjectoMC-main\\backend\\src\\services\\farmaciaService.js","statementMap":{"0":{"start":{"line":4,"column":27},"end":{"line":4,"column":72}},"1":{"start":{"line":7,"column":39},"end":{"line":7,"column":44}},"2":{"start":{"line":8,"column":26},"end":{"line":13,"column":4}},"3":{"start":{"line":14,"column":13},"end":{"line":14,"column":17}},"4":{"start":{"line":15,"column":2},"end":{"line":17,"column":3}},"5":{"start":{"line":16,"column":4},"end":{"line":16,"column":57}},"6":{"start":{"line":16,"column":30},"end":{"line":16,"column":55}},"7":{"start":{"line":18,"column":2},"end":{"line":18,"column":43}},"8":{"start":{"line":22,"column":2},"end":{"line":27,"column":5}},"9":{"start":{"line":31,"column":19},"end":{"line":36,"column":4}},"10":{"start":{"line":37,"column":2},"end":{"line":37,"column":18}},"11":{"start":{"line":41,"column":2},"end":{"line":45,"column":5}},"12":{"start":{"line":49,"column":2},"end":{"line":49,"column":41}},"13":{"start":{"line":53,"column":2},"end":{"line":53,"column":49}},"14":{"start":{"line":56,"column":0},"end":{"line":63,"column":2}}},"fnMap":{"0":{"name":"listAprovadas","decl":{"start":{"line":6,"column":15},"end":{"line":6,"column":28}},"loc":{"start":{"line":6,"column":41},"end":{"line":19,"column":1}},"line":6},"1":{"name":"(anonymous_1)","decl":{"start":{"line":16,"column":23},"end":{"line":16,"column":24}},"loc":{"start":{"line":16,"column":30},"end":{"line":16,"column":55}},"line":16},"2":{"name":"listPendentes","decl":{"start":{"line":21,"column":15},"end":{"line":21,"column":28}},"loc":{"start":{"line":21,"column":53},"end":{"line":28,"column":1}},"line":21},"3":{"name":"aprovar","decl":{"start":{"line":30,"column":15},"end":{"line":30,"column":22}},"loc":{"start":{"line":30,"column":27},"end":{"line":38,"column":1}},"line":30},"4":{"name":"rejeitar","decl":{"start":{"line":40,"column":15},"end":{"line":40,"column":23}},"loc":{"start":{"line":40,"column":36},"end":{"line":46,"column":1}},"line":40},"5":{"name":"getById","decl":{"start":{"line":48,"column":15},"end":{"line":48,"column":22}},"loc":{"start":{"line":48,"column":27},"end":{"line":50,"column":1}},"line":48},"6":{"name":"getByUserId","decl":{"start":{"line":52,"column":15},"end":{"line":52,"column":26}},"loc":{"start":{"line":52,"column":35},"end":{"line":54,"column":1}},"line":52}},"branchMap":{"0":{"loc":{"start":{"line":6,"column":29},"end":{"line":6,"column":39}},"type":"default-arg","locations":[{"start":{"line":6,"column":37},"end":{"line":6,"column":39}}],"line":6},"1":{"loc":{"start":{"line":11,"column":11},"end":{"line":11,"column":22}},"type":"binary-expr","locations":[{"start":{"line":11,"column":11},"end":{"line":11,"column":16}},{"start":{"line":11,"column":20},"end":{"line":11,"column":22}}],"line":11},"2":{"loc":{"start":{"line":12,"column":12},"end":{"line":12,"column":23}},"type":"binary-expr","locations":[{"start":{"line":12,"column":12},"end":{"line":12,"column":18}},{"start":{"line":12,"column":22},"end":{"line":12,"column":23}}],"line":12},"3":{"loc":{"start":{"line":15,"column":2},"end":{"line":17,"column":3}},"type":"if","locations":[{"start":{"line":15,"column":2},"end":{"line":17,"column":3}},{"start":{},"end":{}}],"line":15},"4":{"loc":{"start":{"line":21,"column":29},"end":{"line":21,"column":39}},"type":"default-arg","locations":[{"start":{"line":21,"column":37},"end":{"line":21,"column":39}}],"line":21},"5":{"loc":{"start":{"line":21,"column":41},"end":{"line":21,"column":51}},"type":"default-arg","locations":[{"start":{"line":21,"column":50},"end":{"line":21,"column":51}}],"line":21}},"s":{"0":1,"1":0,"2":0,"3":0,"4":0,"5":0,"6":0,"7":0,"8":0,"9":0,"10":0,"11":0,"12":0,"13":0,"14":1},"f":{"0":0,"1":0,"2":0,"3":0,"4":0,"5":0,"6":0},"b":{"0":[0],"1":[0,0],"2":[0,0],"3":[0,0],"4":[0],"5":[0]},"_coverageSchema":"1a1c01bbd47fc00a2c39e90264f33305004495a9","hash":"35312839bad57e7cc646dd918ac5b8e671d4e4f9"}
,"C:\\Users\\Maria Candido\\Downloads\\ProjectoMC-main\\backend\\src\\utils\\asyncHandler.js": {"path":"C:\\Users\\Maria Candido\\Downloads\\ProjectoMC-main\\backend\\src\\utils\\asyncHandler.js","statementMap":{"0":{"start":{"line":4,"column":21},"end":{"line":6,"column":1}},"1":{"start":{"line":4,"column":29},"end":{"line":6,"column":1}},"2":{"start":{"line":5,"column":2},"end":{"line":5,"column":50}},"3":{"start":{"line":8,"column":0},"end":{"line":8,"column":30}}},"fnMap":{"0":{"name":"(anonymous_0)","decl":{"start":{"line":4,"column":21},"end":{"line":4,"column":22}},"loc":{"start":{"line":4,"column":29},"end":{"line":6,"column":1}},"line":4},"1":{"name":"(anonymous_1)","decl":{"start":{"line":4,"column":29},"end":{"line":4,"column":30}},"loc":{"start":{"line":4,"column":49},"end":{"line":6,"column":1}},"line":4}},"branchMap":{},"s":{"0":1,"1":33,"2":1,"3":1},"f":{"0":33,"1":1},"b":{},"_coverageSchema":"1a1c01bbd47fc00a2c39e90264f33305004495a9","hash":"5a666078e47e22caa2cf4dc9351174c749cdbc39"}
,"C:\\Users\\Maria Candido\\Downloads\\ProjectoMC-main\\backend\\src\\validators\\authValidators.js": {"path":"C:\\Users\\Maria Candido\\Downloads\\ProjectoMC-main\\backend\\src\\validators\\authValidators.js","statementMap":{"0":{"start":{"line":4,"column":24},"end":{"line":4,"column":52}},"1":{"start":{"line":6,"column":22},"end":{"line":24,"column":1}},"2":{"start":{"line":26,"column":19},"end":{"line":32,"column":1}},"3":{"start":{"line":34,"column":21},"end":{"line":34,"column":97}},"4":{"start":{"line":36,"column":24},"end":{"line":36,"column":80}},"5":{"start":{"line":38,"column":0},"end":{"line":43,"column":2}}},"fnMap":{},"branchMap":{},"s":{"0":1,"1":1,"2":1,"3":1,"4":1,"5":1},"f":{},"b":{},"_coverageSchema":"1a1c01bbd47fc00a2c39e90264f33305004495a9","hash":"991199299e07ec9399072e134a08de5b8703186b"}
,"C:\\Users\\Maria Candido\\Downloads\\ProjectoMC-main\\backend\\src\\validators\\entregaValidators.js": {"path":"C:\\Users\\Maria Candido\\Downloads\\ProjectoMC-main\\backend\\src\\validators\\entregaValidators.js","statementMap":{"0":{"start":{"line":1,"column":31},"end":{"line":1,"column":59}},"1":{"start":{"line":3,"column":21},"end":{"line":3,"column":69}},"2":{"start":{"line":5,"column":20},"end":{"line":10,"column":1}},"3":{"start":{"line":12,"column":0},"end":{"line":12,"column":47}}},"fnMap":{},"branchMap":{},"s":{"0":1,"1":1,"2":1,"3":1},"f":{},"b":{},"_coverageSchema":"1a1c01bbd47fc00a2c39e90264f33305004495a9","hash":"15e6980a9695b52b0a56004ce7bc1e121644cc82"}
,"C:\\Users\\Maria Candido\\Downloads\\ProjectoMC-main\\backend\\src\\validators\\medicamentoValidators.js": {"path":"C:\\Users\\Maria Candido\\Downloads\\ProjectoMC-main\\backend\\src\\validators\\medicamentoValidators.js","statementMap":{"0":{"start":{"line":1,"column":31},"end":{"line":1,"column":59}},"1":{"start":{"line":3,"column":31},"end":{"line":15,"column":1}},"2":{"start":{"line":17,"column":31},"end":{"line":25,"column":1}},"3":{"start":{"line":27,"column":0},"end":{"line":27,"column":68}}},"fnMap":{},"branchMap":{},"s":{"0":1,"1":1,"2":1,"3":1},"f":{},"b":{},"_coverageSchema":"1a1c01bbd47fc00a2c39e90264f33305004495a9","hash":"76ed12edd9464014a8fd2d592b997ed910930f1d"}
,"C:\\Users\\Maria Candido\\Downloads\\ProjectoMC-main\\backend\\src\\validators\\pedidoValidators.js": {"path":"C:\\Users\\Maria Candido\\Downloads\\ProjectoMC-main\\backend\\src\\validators\\pedidoValidators.js","statementMap":{"0":{"start":{"line":1,"column":31},"end":{"line":1,"column":59}},"1":{"start":{"line":3,"column":26},"end":{"line":20,"column":1}},"2":{"start":{"line":22,"column":20},"end":{"line":27,"column":1}},"3":{"start":{"line":29,"column":24},"end":{"line":32,"column":1}},"4":{"start":{"line":34,"column":0},"end":{"line":34,"column":69}}},"fnMap":{},"branchMap":{},"s":{"0":1,"1":1,"2":1,"3":1,"4":1},"f":{},"b":{},"_coverageSchema":"1a1c01bbd47fc00a2c39e90264f33305004495a9","hash":"0d5b528419dd63bc96d7992810023779c642a70a"}
,"C:\\Users\\Maria Candido\\Downloads\\ProjectoMC-main\\backend\\src\\validators\\receitaValidators.js": {"path":"C:\\Users\\Maria Candido\\Downloads\\ProjectoMC-main\\backend\\src\\validators\\receitaValidators.js","statementMap":{"0":{"start":{"line":1,"column":31},"end":{"line":1,"column":59}},"1":{"start":{"line":3,"column":27},"end":{"line":8,"column":1}},"2":{"start":{"line":10,"column":26},"end":{"line":16,"column":1}},"3":{"start":{"line":18,"column":0},"end":{"line":18,"column":59}}},"fnMap":{},"branchMap":{},"s":{"0":1,"1":1,"2":1,"3":1},"f":{},"b":{},"_coverageSchema":"1a1c01bbd47fc00a2c39e90264f33305004495a9","hash":"fe8dd0a63bad6b33b3ef73b1e331b34154fb7fd9"}
}
