TN:
SF:src\app.js
FN:34,(anonymous_0)
FN:41,(anonymous_1)
FNF:2
FNH:2
FNDA:3,(anonymous_0)
FNDA:1,(anonymous_1)
DA:5,1
DA:6,1
DA:7,1
DA:8,1
DA:9,1
DA:10,1
DA:11,1
DA:12,1
DA:13,1
DA:15,1
DA:18,1
DA:21,1
DA:24,1
DA:31,1
DA:34,3
DA:37,1
DA:38,1
DA:41,1
DA:42,1
DA:46,1
DA:49,1
DA:50,1
DA:51,1
DA:54,1
DA:55,1
DA:57,1
LF:26
LH:26
BRDA:25,0,0,1
BRDA:25,0,1,1
BRDA:26,1,0,1
BRDA:26,1,1,1
BRF:4
BRH:4
end_of_record
TN:
SF:src\config\cors.js
FN:6,(anonymous_0)
FN:10,(anonymous_1)
FNF:2
FNH:2
FNDA:1,(anonymous_0)
FNDA:3,(anonymous_1)
DA:4,1
DA:6,1
DA:9,1
DA:11,3
DA:12,3
DA:14,0
DA:22,1
LF:7
LH:6
BRDA:4,0,0,1
BRDA:4,0,1,1
BRDA:11,1,0,3
BRDA:11,1,1,0
BRDA:11,2,0,3
BRDA:11,2,1,0
BRF:6
BRH:4
end_of_record
TN:
SF:src\config\database.js
FNF:0
FNH:0
DA:5,1
DA:7,1
LF:2
LH:2
BRDA:9,0,0,1
BRDA:9,0,1,1
BRDA:10,1,0,1
BRDA:10,1,1,1
BRDA:11,2,0,1
BRDA:11,2,1,1
BRDA:12,3,0,1
BRDA:12,3,1,1
BRDA:13,4,0,1
BRDA:13,4,1,1
BRDA:15,5,0,0
BRDA:15,5,1,1
BRDA:24,6,0,1
BRDA:24,6,1,1
BRDA:25,7,0,1
BRDA:25,7,1,1
BRDA:26,8,0,1
BRDA:26,8,1,1
BRDA:27,9,0,1
BRDA:27,9,1,1
BRDA:28,10,0,1
BRDA:28,10,1,1
BRDA:43,11,0,1
BRDA:43,11,1,1
BRF:24
BRH:23
end_of_record
TN:
SF:src\config\jwt.js
FNF:0
FNH:0
DA:4,1
LF:1
LH:1
BRDA:5,0,0,1
BRDA:5,0,1,1
BRDA:6,1,0,1
BRDA:6,1,1,1
BRDA:7,2,0,1
BRDA:7,2,1,1
BRDA:8,3,0,1
BRDA:8,3,1,1
BRF:8
BRH:8
end_of_record
TN:
SF:src\config\logger.js
FN:9,(anonymous_0)
FNF:1
FNH:1
FNDA:5,(anonymous_0)
DA:5,1
DA:7,1
DA:9,1
DA:10,5
DA:13,1
DA:27,1
DA:28,0
DA:35,1
LF:8
LH:7
BRDA:14,0,0,1
BRDA:14,0,1,1
BRDA:27,1,0,0
BRDA:27,1,1,1
BRF:4
BRH:3
end_of_record
TN:
SF:src\config\server.js
FNF:0
FNH:0
DA:4,0
LF:1
LH:0
BRDA:5,0,0,0
BRDA:5,0,1,0
BRDA:6,1,0,0
BRDA:6,1,1,0
BRF:4
BRH:0
end_of_record
TN:
SF:src\controllers\authController.js
FN:10,(anonymous_0)
FN:28,(anonymous_1)
FN:43,(anonymous_2)
FN:56,(anonymous_3)
FN:68,(anonymous_4)
FN:80,(anonymous_5)
FNF:6
FNH:1
FNDA:0,(anonymous_0)
FNDA:1,(anonymous_1)
FNDA:0,(anonymous_2)
FNDA:0,(anonymous_3)
FNDA:0,(anonymous_4)
FNDA:0,(anonymous_5)
DA:4,1
DA:5,1
DA:10,1
DA:11,0
DA:12,0
DA:28,1
DA:29,1
DA:30,1
DA:31,1
DA:32,1
DA:33,0
DA:43,1
DA:44,0
DA:45,0
DA:46,0
DA:56,1
DA:57,0
DA:58,0
DA:59,0
DA:68,1
DA:69,0
DA:70,0
DA:71,0
DA:80,1
DA:81,0
DA:82,0
DA:83,0
DA:89,1
LF:28
LH:13
BRDA:30,0,0,1
BRDA:30,0,1,0
BRDA:31,1,0,1
BRDA:31,1,1,0
BRF:4
BRH:2
end_of_record
TN:
SF:src\controllers\entregaController.js
FN:7,(anonymous_0)
FN:14,(anonymous_1)
FN:33,(anonymous_2)
FN:44,(anonymous_3)
FNF:4
FNH:0
FNDA:0,(anonymous_0)
FNDA:0,(anonymous_1)
FNDA:0,(anonymous_2)
FNDA:0,(anonymous_3)
DA:4,1
DA:5,1
DA:7,1
DA:8,0
DA:11,0
DA:14,1
DA:15,0
DA:16,0
DA:17,0
DA:22,0
DA:33,1
DA:34,0
DA:35,0
DA:36,0
DA:40,0
DA:41,0
DA:44,1
DA:45,0
DA:46,0
DA:47,0
DA:48,0
DA:51,0
DA:52,0
DA:59,0
DA:60,0
DA:64,0
DA:65,0
DA:68,1
LF:28
LH:7
BRDA:9,0,0,0
BRDA:9,0,1,0
BRDA:15,1,0,0
BRDA:15,2,0,0
BRDA:35,3,0,0
BRDA:35,3,1,0
BRDA:35,4,0,0
BRDA:35,4,1,0
BRDA:47,5,0,0
BRDA:47,5,1,0
BRDA:51,6,0,0
BRDA:51,6,1,0
BRDA:59,7,0,0
BRDA:59,7,1,0
BRF:14
BRH:0
end_of_record
TN:
SF:src\controllers\farmaciaController.js
FN:7,(anonymous_0)
FN:13,(anonymous_1)
FN:23,(anonymous_2)
FN:29,(anonymous_3)
FN:36,(anonymous_4)
FN:42,(anonymous_5)
FNF:6
FNH:0
FNDA:0,(anonymous_0)
FNDA:0,(anonymous_1)
FNDA:0,(anonymous_2)
FNDA:0,(anonymous_3)
FNDA:0,(anonymous_4)
FNDA:0,(anonymous_5)
DA:4,1
DA:5,1
DA:7,1
DA:8,0
DA:9,0
DA:10,0
DA:13,1
DA:14,0
DA:15,0
DA:16,0
DA:17,0
DA:23,1
DA:24,0
DA:25,0
DA:26,0
DA:29,1
DA:30,0
DA:31,0
DA:32,0
DA:33,0
DA:36,1
DA:37,0
DA:38,0
DA:39,0
DA:42,1
DA:43,0
DA:44,0
DA:45,0
DA:48,1
LF:29
LH:9
BRDA:14,0,0,0
BRDA:14,1,0,0
BRDA:25,2,0,0
BRDA:25,2,1,0
BRDA:31,3,0,0
BRDA:31,3,1,0
BRDA:32,4,0,0
BRDA:32,4,1,0
BRDA:38,5,0,0
BRDA:38,5,1,0
BRDA:44,6,0,0
BRDA:44,6,1,0
BRF:12
BRH:0
end_of_record
TN:
SF:src\controllers\medicamentoController.js
FN:8,(anonymous_0)
FN:38,(anonymous_1)
FN:47,(anonymous_2)
FN:64,(anonymous_3)
FNF:4
FNH:0
FNDA:0,(anonymous_0)
FNDA:0,(anonymous_1)
FNDA:0,(anonymous_2)
FNDA:0,(anonymous_3)
DA:4,1
DA:5,1
DA:6,1
DA:8,1
DA:16,0
DA:18,0
DA:19,0
DA:27,0
DA:38,1
DA:39,0
DA:40,0
DA:41,0
DA:44,0
DA:47,1
DA:48,0
DA:49,0
DA:50,0
DA:51,0
DA:52,0
DA:58,0
DA:60,0
DA:61,0
DA:64,1
DA:65,0
DA:66,0
DA:67,0
DA:68,0
DA:74,0
DA:75,0
DA:76,0
DA:79,0
DA:80,0
DA:88,0
DA:92,0
DA:93,0
DA:96,0
DA:99,1
LF:37
LH:8
BRDA:14,0,0,0
BRDA:15,1,0,0
BRDA:18,2,0,0
BRDA:18,2,1,0
BRDA:24,3,0,0
BRDA:24,3,1,0
BRDA:33,4,0,0
BRDA:33,4,1,0
BRDA:40,5,0,0
BRDA:40,5,1,0
BRDA:49,6,0,0
BRDA:49,6,1,0
BRDA:51,7,0,0
BRDA:51,7,1,0
BRDA:65,8,0,0
BRDA:65,8,1,0
BRDA:67,9,0,0
BRDA:67,9,1,0
BRDA:75,10,0,0
BRDA:75,10,1,0
BRDA:79,11,0,0
BRDA:79,11,1,0
BRDA:92,12,0,0
BRDA:92,12,1,0
BRF:24
BRH:0
end_of_record
TN:
SF:src\controllers\pedidoController.js
FN:8,(anonymous_0)
FN:32,(anonymous_1)
FN:51,(anonymous_2)
FN:67,(anonymous_3)
FN:77,(anonymous_4)
FN:109,(anonymous_5)
FN:139,(anonymous_6)
FNF:7
FNH:0
FNDA:0,(anonymous_0)
FNDA:0,(anonymous_1)
FNDA:0,(anonymous_2)
FNDA:0,(anonymous_3)
FNDA:0,(anonymous_4)
FNDA:0,(anonymous_5)
FNDA:0,(anonymous_6)
DA:4,1
DA:5,1
DA:6,1
DA:8,1
DA:16,0
DA:17,0
DA:29,0
DA:32,1
DA:33,0
DA:34,0
DA:35,0
DA:40,0
DA:51,1
DA:52,0
DA:53,0
DA:54,0
DA:58,0
DA:59,0
DA:62,0
DA:63,0
DA:66,0
DA:67,0
DA:69,0
DA:70,0
DA:74,0
DA:77,1
DA:78,0
DA:79,0
DA:80,0
DA:81,0
DA:85,0
DA:86,0
DA:87,0
DA:95,0
DA:96,0
DA:104,0
DA:105,0
DA:108,0
DA:109,0
DA:111,0
DA:112,0
DA:119,0
DA:120,0
DA:129,0
DA:130,0
DA:135,0
DA:136,0
DA:139,1
DA:140,0
DA:143,0
DA:144,0
DA:147,0
DA:148,0
DA:149,0
DA:154,0
DA:165,1
LF:56
LH:9
BRDA:21,0,0,0
BRDA:21,0,1,0
BRDA:33,1,0,0
BRDA:33,2,0,0
BRDA:53,3,0,0
BRDA:53,3,1,0
BRDA:58,4,0,0
BRDA:58,4,1,0
BRDA:58,5,0,0
BRDA:58,5,1,0
BRDA:62,6,0,0
BRDA:62,6,1,0
BRDA:69,7,0,0
BRDA:69,7,1,0
BRDA:80,8,0,0
BRDA:80,8,1,0
BRDA:95,9,0,0
BRDA:95,9,1,0
BRDA:95,10,0,0
BRDA:95,10,1,0
BRDA:104,11,0,0
BRDA:104,11,1,0
BRDA:111,12,0,0
BRDA:111,12,1,0
BRDA:111,13,0,0
BRDA:111,13,1,0
BRDA:119,14,0,0
BRDA:119,14,1,0
BRDA:129,15,0,0
BRDA:129,15,1,0
BRDA:129,16,0,0
BRDA:129,16,1,0
BRDA:143,17,0,0
BRDA:143,17,1,0
BRDA:147,18,0,0
BRDA:147,19,0,0
BRF:36
BRH:0
end_of_record
TN:
SF:src\controllers\receitaController.js
FN:8,(anonymous_0)
FN:21,(anonymous_1)
FN:40,(anonymous_2)
FN:66,(anonymous_3)
FNF:4
FNH:0
FNDA:0,(anonymous_0)
FNDA:0,(anonymous_1)
FNDA:0,(anonymous_2)
FNDA:0,(anonymous_3)
DA:4,1
DA:5,1
DA:6,1
DA:8,1
DA:9,0
DA:10,0
DA:18,0
DA:21,1
DA:22,0
DA:23,0
DA:24,0
DA:29,0
DA:40,1
DA:41,0
DA:44,0
DA:45,0
DA:48,0
DA:49,0
DA:50,0
DA:55,0
DA:66,1
DA:67,0
DA:68,0
DA:71,0
DA:72,0
DA:75,0
DA:76,0
DA:77,0
DA:80,0
DA:81,0
DA:88,0
DA:89,0
DA:93,0
DA:98,0
DA:101,1
LF:35
LH:8
BRDA:12,0,0,0
BRDA:12,0,1,0
BRDA:13,1,0,0
BRDA:13,1,1,0
BRDA:14,2,0,0
BRDA:14,2,1,0
BRDA:15,3,0,0
BRDA:15,3,1,0
BRDA:22,4,0,0
BRDA:22,5,0,0
BRDA:44,6,0,0
BRDA:44,6,1,0
BRDA:48,7,0,0
BRDA:48,8,0,0
BRDA:71,9,0,0
BRDA:71,9,1,0
BRDA:76,10,0,0
BRDA:76,10,1,0
BRDA:80,11,0,0
BRDA:80,11,1,0
BRDA:88,12,0,0
BRDA:88,12,1,0
BRF:22
BRH:0
end_of_record
TN:
SF:src\controllers\userController.js
FN:10,(anonymous_0)
FN:18,(anonymous_1)
FN:27,(anonymous_2)
FN:36,(anonymous_3)
FN:43,(anonymous_4)
FNF:5
FNH:0
FNDA:0,(anonymous_0)
FNDA:0,(anonymous_1)
FNDA:0,(anonymous_2)
FNDA:0,(anonymous_3)
FNDA:0,(anonymous_4)
DA:4,1
DA:5,1
DA:6,1
DA:7,1
DA:8,1
DA:10,1
DA:11,0
DA:14,0
DA:15,0
DA:18,1
DA:19,0
DA:20,0
DA:21,0
DA:24,0
DA:27,1
DA:28,0
DA:29,0
DA:30,0
DA:36,0
DA:37,0
DA:43,1
DA:44,0
DA:47,0
DA:48,0
DA:51,1
LF:25
LH:10
BRDA:14,0,0,0
BRDA:14,0,1,0
BRDA:20,1,0,0
BRDA:20,1,1,0
BRDA:28,2,0,0
BRDA:28,3,0,0
BRDA:29,4,0,0
BRDA:29,4,1,0
BRDA:33,5,0,0
BRDA:33,5,1,0
BRDA:39,6,0,0
BRDA:39,6,1,0
BRDA:47,7,0,0
BRDA:47,7,1,0
BRF:14
BRH:0
end_of_record
TN:
SF:src\database\index.js
FNF:0
FNH:0
DA:5,1
DA:6,1
DA:8,1
DA:9,1
DA:11,1
DA:25,1
DA:48,1
DA:51,1
DA:52,1
DA:55,1
DA:56,1
DA:59,1
DA:60,1
DA:63,1
DA:64,1
DA:65,1
DA:66,1
DA:67,1
DA:68,1
DA:71,1
DA:72,1
DA:73,1
DA:74,1
DA:77,1
DA:78,1
DA:79,1
DA:80,1
DA:81,1
DA:82,1
DA:84,1
DA:85,1
DA:87,1
LF:32
LH:32
BRDA:8,0,0,1
BRDA:8,0,1,0
BRF:2
BRH:1
end_of_record
TN:
SF:src\database\migrations\20240316000001-create-users.js
FN:7,(anonymous_0)
FN:37,(anonymous_1)
FNF:2
FNH:0
FNDA:0,(anonymous_0)
FNDA:0,(anonymous_1)
DA:6,0
DA:8,0
DA:33,0
DA:34,0
DA:38,0
LF:5
LH:0
BRF:0
BRH:0
end_of_record
TN:
SF:src\database\migrations\20240316000002-create-farmacias.js
FN:7,(anonymous_0)
FN:42,(anonymous_1)
FNF:2
FNH:0
FNDA:0,(anonymous_0)
FNDA:0,(anonymous_1)
DA:6,0
DA:8,0
DA:33,0
DA:39,0
DA:43,0
LF:5
LH:0
BRF:0
BRH:0
end_of_record
TN:
SF:src\database\migrations\20240316000003-create-medicamentos.js
FN:7,(anonymous_0)
FN:34,(anonymous_1)
FNF:2
FNH:0
FNDA:0,(anonymous_0)
FNDA:0,(anonymous_1)
DA:6,0
DA:8,0
DA:25,0
DA:31,0
DA:35,0
LF:5
LH:0
BRF:0
BRH:0
end_of_record
TN:
SF:src\database\migrations\20240316000004-create-pedidos.js
FN:7,(anonymous_0)
FN:63,(anonymous_1)
FNF:2
FNH:0
FNDA:0,(anonymous_0)
FNDA:0,(anonymous_1)
DA:6,0
DA:8,0
DA:25,0
DA:31,0
DA:33,0
DA:43,0
DA:49,0
DA:55,0
DA:64,0
DA:65,0
LF:10
LH:0
BRF:0
BRH:0
end_of_record
TN:
SF:src\database\migrations\20240316000005-create-entregas-receitas.js
FN:7,(anonymous_0)
FN:71,(anonymous_1)
FNF:2
FNH:0
FNDA:0,(anonymous_0)
FNDA:0,(anonymous_1)
DA:6,0
DA:8,0
DA:22,0
DA:28,0
DA:34,0
DA:36,0
DA:51,0
DA:57,0
DA:63,0
DA:72,0
DA:73,0
LF:11
LH:0
BRF:0
BRH:0
end_of_record
TN:
SF:src\database\migrations\20240316000006-create-refresh-tokens.js
FN:7,(anonymous_0)
FN:25,(anonymous_1)
FNF:2
FNH:0
FNDA:0,(anonymous_0)
FNDA:0,(anonymous_1)
DA:6,0
DA:8,0
DA:16,0
DA:22,0
DA:26,0
LF:5
LH:0
BRF:0
BRH:0
end_of_record
TN:
SF:src\database\seeders\20240316000001-demo-user.js
FN:10,(anonymous_0)
FN:43,(anonymous_1)
FNF:2
FNH:0
FNDA:0,(anonymous_0)
FNDA:0,(anonymous_1)
DA:7,0
DA:9,0
DA:11,0
DA:12,0
DA:13,0
DA:15,0
DA:44,0
LF:7
LH:0
BRF:0
BRH:0
end_of_record
TN:
SF:src\middlewares\auth.js
FN:13,authenticate
FN:47,optionalAuth
FN:58,requireRoles
FN:59,(anonymous_3)
FNF:4
FNH:1
FNDA:0,authenticate
FNDA:0,optionalAuth
FNDA:19,requireRoles
FNDA:0,(anonymous_3)
DA:4,1
DA:5,1
DA:6,1
DA:7,1
DA:14,0
DA:15,0
DA:16,0
DA:17,0
DA:19,0
DA:20,0
DA:22,0
DA:23,0
DA:24,0
DA:26,0
DA:27,0
DA:30,0
DA:31,0
DA:32,0
DA:34,0
DA:35,0
DA:37,0
DA:38,0
DA:40,0
DA:48,0
DA:49,0
DA:50,0
DA:52,0
DA:59,19
DA:60,0
DA:61,0
DA:63,0
DA:64,0
DA:66,0
DA:70,1
LF:34
LH:6
BRDA:16,0,0,0
BRDA:16,0,1,0
BRDA:16,1,0,0
BRDA:16,1,1,0
BRDA:23,2,0,0
BRDA:23,2,1,0
BRDA:26,3,0,0
BRDA:26,3,1,0
BRDA:26,4,0,0
BRDA:26,4,1,0
BRDA:34,5,0,0
BRDA:34,5,1,0
BRDA:37,6,0,0
BRDA:37,6,1,0
BRDA:49,7,0,0
BRDA:49,7,1,0
BRDA:49,8,0,0
BRDA:49,8,1,0
BRDA:60,9,0,0
BRDA:60,9,1,0
BRDA:63,10,0,0
BRDA:63,10,1,0
BRF:22
BRH:0
end_of_record
TN:
SF:src\middlewares\errorHandler.js
FN:14,sendError
FN:23,notFoundHandler
FN:30,errorHandler
FNF:3
FNH:2
FNDA:2,sendError
FNDA:0,notFoundHandler
FNDA:1,errorHandler
DA:5,1
DA:15,2
DA:16,2
DA:17,2
DA:24,0
DA:31,1
DA:33,1
DA:34,0
DA:36,1
DA:37,0
DA:39,1
DA:40,0
DA:42,1
DA:43,0
DA:45,1
DA:46,0
DA:49,1
DA:50,1
DA:51,1
DA:54,1
LF:20
LH:14
BRDA:14,0,0,1
BRDA:16,1,0,1
BRDA:16,1,1,1
BRDA:31,2,0,1
BRDA:31,2,1,1
BRDA:33,3,0,0
BRDA:33,3,1,1
BRDA:36,4,0,0
BRDA:36,4,1,1
BRDA:39,5,0,0
BRDA:39,5,1,1
BRDA:42,6,0,0
BRDA:42,6,1,1
BRDA:43,7,0,0
BRDA:43,7,1,0
BRDA:45,8,0,0
BRDA:45,8,1,1
BRDA:46,9,0,0
BRDA:46,9,1,0
BRDA:49,10,0,1
BRDA:49,10,1,1
BRDA:49,10,2,1
BRDA:50,11,0,0
BRDA:50,11,1,1
BRDA:50,12,0,1
BRDA:50,12,1,1
BRF:26
BRH:16
end_of_record
TN:
SF:src\middlewares\validate.js
FN:7,validate
FN:10,(anonymous_1)
FNF:2
FNH:2
FNDA:2,validate
FNDA:3,(anonymous_1)
DA:4,1
DA:5,1
DA:8,2
DA:9,2
DA:10,3
DA:11,1
DA:13,1
DA:16,1
LF:8
LH:8
BRDA:9,0,0,1
BRDA:9,0,1,1
BRF:2
BRH:2
end_of_record
TN:
SF:src\models\Entrega.js
FN:8,(anonymous_0)
FNF:1
FNH:1
FNDA:1,(anonymous_0)
DA:4,1
DA:6,1
DA:8,1
DA:9,1
DA:45,1
LF:5
LH:5
BRF:0
BRH:0
end_of_record
TN:
SF:src\models\Farmacia.js
FN:7,(anonymous_0)
FNF:1
FNH:1
FNDA:1,(anonymous_0)
DA:5,1
DA:7,1
DA:8,1
DA:51,1
LF:4
LH:4
BRF:0
BRH:0
end_of_record
TN:
SF:src\models\Medicamento.js
FN:6,(anonymous_0)
FNF:1
FNH:1
FNDA:1,(anonymous_0)
DA:4,1
DA:6,1
DA:7,1
DA:41,1
LF:4
LH:4
BRF:0
BRH:0
end_of_record
TN:
SF:src\models\Pedido.js
FN:11,(anonymous_0)
FNF:1
FNH:1
FNDA:1,(anonymous_0)
DA:4,1
DA:6,1
DA:11,1
DA:12,1
DA:46,1
LF:5
LH:5
BRF:0
BRH:0
end_of_record
TN:
SF:src\models\PedidoItem.js
FN:6,(anonymous_0)
FNF:1
FNH:1
FNDA:1,(anonymous_0)
DA:4,1
DA:6,1
DA:7,1
DA:42,1
LF:4
LH:4
BRF:0
BRH:0
end_of_record
TN:
SF:src\models\Receita.js
FN:7,(anonymous_0)
FNF:1
FNH:1
FNDA:1,(anonymous_0)
DA:5,1
DA:7,1
DA:8,1
DA:48,1
LF:4
LH:4
BRF:0
BRH:0
end_of_record
TN:
SF:src\models\RefreshToken.js
FN:6,(anonymous_0)
FNF:1
FNH:1
FNDA:1,(anonymous_0)
DA:4,1
DA:6,1
DA:7,1
DA:28,1
LF:4
LH:4
BRF:0
BRH:0
end_of_record
TN:
SF:src\models\User.js
FN:10,(anonymous_0)
FNF:1
FNH:1
FNDA:1,(anonymous_0)
DA:5,1
DA:7,1
DA:8,1
DA:10,1
DA:11,1
DA:71,1
LF:6
LH:6
BRF:0
BRH:0
end_of_record
TN:
SF:src\repositories\entregaRepository.js
FN:6,findDisponiveis
FN:16,findByEntregador
FN:26,findById
FN:32,aceitar
FN:39,updateStatus
FNF:5
FNH:0
FNDA:0,findDisponiveis
FNDA:0,findByEntregador
FNDA:0,findById
FNDA:0,aceitar
FNDA:0,updateStatus
DA:4,1
DA:7,0
DA:17,0
DA:27,0
DA:33,0
DA:34,0
DA:35,0
DA:36,0
DA:40,0
DA:41,0
DA:42,0
DA:43,0
DA:46,1
LF:13
LH:2
BRDA:6,0,0,0
BRDA:16,1,0,0
BRDA:16,2,0,0
BRDA:34,3,0,0
BRDA:34,3,1,0
BRDA:34,4,0,0
BRDA:34,4,1,0
BRDA:41,5,0,0
BRDA:41,5,1,0
BRF:9
BRH:0
end_of_record
TN:
SF:src\repositories\farmaciaRepository.js
FN:6,findAll
FN:20,findById
FN:26,findByUserId
FN:30,update
FNF:4
FNH:0
FNDA:0,findAll
FNDA:0,findById
FNDA:0,findByUserId
FNDA:0,update
DA:4,1
DA:7,0
DA:8,0
DA:9,0
DA:10,0
DA:11,0
DA:21,0
DA:27,0
DA:31,0
DA:32,0
DA:33,0
DA:34,0
DA:37,1
LF:13
LH:2
BRDA:6,0,0,0
BRDA:7,1,0,0
BRDA:7,2,0,0
BRDA:9,3,0,0
BRDA:9,3,1,0
BRDA:10,4,0,0
BRDA:10,4,1,0
BRDA:32,5,0,0
BRDA:32,5,1,0
BRF:9
BRH:0
end_of_record
TN:
SF:src\repositories\medicamentoRepository.js
FN:7,findAll
FN:28,findById
FN:34,create
FN:38,update
FNF:4
FNH:0
FNDA:0,findAll
FNDA:0,findById
FNDA:0,create
FNDA:0,update
DA:4,1
DA:5,1
DA:8,0
DA:9,0
DA:10,0
DA:11,0
DA:12,0
DA:13,0
DA:14,0
DA:19,0
DA:29,0
DA:35,0
DA:39,0
DA:40,0
DA:41,0
DA:42,0
DA:45,1
LF:17
LH:3
BRDA:7,0,0,0
BRDA:8,1,0,0
BRDA:8,2,0,0
BRDA:10,3,0,0
BRDA:10,3,1,0
BRDA:11,4,0,0
BRDA:11,4,1,0
BRDA:12,5,0,0
BRDA:12,5,1,0
BRDA:13,6,0,0
BRDA:13,6,1,0
BRDA:40,7,0,0
BRDA:40,7,1,0
BRF:13
BRH:0
end_of_record
TN:
SF:src\repositories\pedidoRepository.js
FN:6,create
FN:37,findById
FN:46,findByCliente
FN:56,findByFarmacia
FN:69,updateStatus
FNF:5
FNH:0
FNDA:0,create
FNDA:0,findById
FNDA:0,findByCliente
FNDA:0,findByFarmacia
FNDA:0,updateStatus
DA:4,1
DA:7,0
DA:8,0
DA:9,0
DA:10,0
DA:11,0
DA:25,0
DA:29,0
DA:30,0
DA:32,0
DA:33,0
DA:38,0
DA:47,0
DA:57,0
DA:66,0
DA:70,0
DA:71,0
DA:72,0
DA:73,0
DA:74,0
DA:75,0
DA:78,1
LF:22
LH:2
BRDA:19,0,0,0
BRDA:19,0,1,0
BRDA:26,1,0,0
BRDA:26,1,1,0
BRDA:46,2,0,0
BRDA:46,3,0,0
BRDA:56,4,0,0
BRDA:56,5,0,0
BRDA:71,6,0,0
BRDA:71,6,1,0
BRDA:73,7,0,0
BRDA:73,7,1,0
BRF:12
BRH:0
end_of_record
TN:
SF:src\repositories\receitaRepository.js
FN:6,create
FN:10,findByCliente
FN:19,findByFarmacia
FN:28,updateEstado
FNF:4
FNH:0
FNDA:0,create
FNDA:0,findByCliente
FNDA:0,findByFarmacia
FNDA:0,updateEstado
DA:4,1
DA:7,0
DA:11,0
DA:20,0
DA:29,0
DA:30,0
DA:31,0
DA:32,0
DA:35,1
LF:9
LH:2
BRDA:10,0,0,0
BRDA:10,1,0,0
BRDA:19,2,0,0
BRDA:19,3,0,0
BRDA:30,4,0,0
BRDA:30,4,1,0
BRDA:31,5,0,0
BRDA:31,5,1,0
BRF:8
BRH:0
end_of_record
TN:
SF:src\repositories\userRepository.js
FN:6,findByEmail
FN:10,findByTelefone
FN:14,findById
FN:22,createUser
FN:26,createFarmacia
FN:30,saveRefreshToken
FN:34,findRefreshToken
FN:41,revokeRefreshToken
FNF:8
FNH:1
FNDA:1,findByEmail
FNDA:0,findByTelefone
FNDA:0,findById
FNDA:0,createUser
FNDA:0,createFarmacia
FNDA:0,saveRefreshToken
FNDA:0,findRefreshToken
FNDA:0,revokeRefreshToken
DA:4,1
DA:7,1
DA:11,0
DA:15,0
DA:16,0
DA:17,0
DA:19,0
DA:23,0
DA:27,0
DA:31,0
DA:35,0
DA:42,0
DA:43,0
DA:44,0
DA:45,0
DA:49,1
LF:16
LH:3
BRDA:14,0,0,0
BRDA:16,1,0,0
BRDA:16,1,1,0
BRDA:43,2,0,0
BRDA:43,2,1,0
BRF:5
BRH:0
end_of_record
TN:
SF:src\repositories\userRepositoryFull.js
FN:6,findAll
FN:20,update
FN:28,(anonymous_2)
FNF:3
FNH:0
FNDA:0,findAll
FNDA:0,update
FNDA:0,(anonymous_2)
DA:4,1
DA:7,0
DA:8,0
DA:9,0
DA:10,0
DA:11,0
DA:21,0
DA:22,0
DA:23,0
DA:27,0
DA:28,0
DA:29,0
DA:31,0
DA:32,0
DA:35,1
LF:15
LH:2
BRDA:6,0,0,0
BRDA:7,1,0,0
BRDA:7,2,0,0
BRDA:9,3,0,0
BRDA:9,3,1,0
BRDA:10,4,0,0
BRDA:10,4,1,0
BRDA:22,5,0,0
BRDA:22,5,1,0
BRDA:29,6,0,0
BRDA:29,6,1,0
BRF:11
BRH:0
end_of_record
TN:
SF:src\routes\authRoutes.js
FNF:0
FNH:0
DA:4,1
DA:5,1
DA:6,1
DA:7,1
DA:8,1
DA:10,1
DA:12,1
DA:13,1
DA:14,1
DA:15,1
DA:17,1
DA:18,1
DA:20,1
LF:13
LH:13
BRF:0
BRH:0
end_of_record
TN:
SF:src\routes\entregaRoutes.js
FNF:0
FNH:0
DA:4,1
DA:5,1
DA:6,1
DA:7,1
DA:11,1
DA:13,1
DA:15,1
DA:21,1
DA:27,1
DA:35,1
DA:44,1
LF:11
LH:11
BRF:0
BRH:0
end_of_record
TN:
SF:src\routes\farmaciaRoutes.js
FNF:0
FNH:0
DA:4,1
DA:5,1
DA:6,1
DA:8,1
DA:11,1
DA:14,1
DA:15,1
DA:16,1
DA:19,1
DA:21,1
DA:23,1
LF:11
LH:11
BRF:0
BRH:0
end_of_record
TN:
SF:src\routes\index.js
FNF:0
FNH:0
DA:4,1
DA:5,1
DA:6,1
DA:7,1
DA:8,1
DA:9,1
DA:10,1
DA:11,1
DA:13,1
DA:15,1
DA:16,1
DA:17,1
DA:18,1
DA:19,1
DA:20,1
DA:21,1
DA:23,1
LF:17
LH:17
BRF:0
BRH:0
end_of_record
TN:
SF:src\routes\medicamentoRoutes.js
FNF:0
FNH:0
DA:4,1
DA:5,1
DA:6,1
DA:7,1
DA:11,1
DA:13,1
DA:15,1
DA:16,1
DA:18,1
DA:26,1
DA:35,1
LF:11
LH:11
BRF:0
BRH:0
end_of_record
TN:
SF:src\routes\pedidoRoutes.js
FNF:0
FNH:0
DA:4,1
DA:5,1
DA:6,1
DA:7,1
DA:11,1
DA:13,1
DA:15,1
DA:23,1
DA:29,1
DA:35,1
DA:36,1
DA:44,1
LF:12
LH:12
BRF:0
BRH:0
end_of_record
TN:
SF:src\routes\receitaRoutes.js
FNF:0
FNH:0
DA:4,1
DA:5,1
DA:6,1
DA:7,1
DA:11,1
DA:13,1
DA:15,1
DA:23,1
DA:29,1
DA:35,1
DA:44,1
LF:11
LH:11
BRF:0
BRH:0
end_of_record
TN:
SF:src\routes\userRoutes.js
FNF:0
FNH:0
DA:4,1
DA:5,1
DA:6,1
DA:8,1
DA:10,1
DA:11,1
DA:13,1
DA:14,1
DA:16,1
LF:9
LH:9
BRF:0
BRH:0
end_of_record
TN:
SF:src\services\authService.js
FN:16,toUserResponse
FN:30,register
FN:97,generateAccessToken
FN:101,generateAndSaveRefreshToken
FN:115,login
FN:161,refresh
FN:191,logout
FN:201,checkEmailExists
FNF:8
FNH:1
FNDA:0,toUserResponse
FNDA:0,register
FNDA:0,generateAccessToken
FNDA:0,generateAndSaveRefreshToken
FNDA:1,login
FNDA:0,refresh
FNDA:0,logout
FNDA:0,checkEmailExists
DA:5,1
DA:6,1
DA:7,1
DA:8,1
DA:9,1
DA:11,1
DA:17,0
DA:18,0
DA:19,0
DA:20,0
DA:21,0
DA:23,0
DA:31,0
DA:33,0
DA:34,0
DA:35,0
DA:36,0
DA:37,0
DA:40,0
DA:41,0
DA:43,0
DA:60,0
DA:62,0
DA:63,0
DA:81,0
DA:82,0
DA:83,0
DA:85,0
DA:86,0
DA:98,0
DA:102,0
DA:107,0
DA:108,0
DA:109,0
DA:116,1
DA:117,1
DA:121,0
DA:122,0
DA:123,0
DA:124,0
DA:127,0
DA:128,0
DA:129,0
DA:130,0
DA:133,0
DA:134,0
DA:135,0
DA:136,0
DA:137,0
DA:140,0
DA:141,0
DA:142,0
DA:143,0
DA:146,0
DA:147,0
DA:148,0
DA:150,0
DA:162,0
DA:163,0
DA:164,0
DA:165,0
DA:166,0
DA:168,0
DA:169,0
DA:170,0
DA:171,0
DA:174,0
DA:175,0
DA:176,0
DA:177,0
DA:178,0
DA:180,0
DA:192,0
DA:193,0
DA:195,0
DA:202,0
DA:203,0
DA:206,1
LF:78
LH:9
BRDA:17,0,0,0
BRDA:17,0,1,0
BRDA:20,1,0,0
BRDA:20,1,1,0
BRDA:34,2,0,0
BRDA:34,2,1,0
BRDA:41,3,0,0
BRDA:41,3,1,0
BRDA:47,4,0,0
BRDA:47,4,1,0
BRDA:50,5,0,0
BRDA:50,5,1,0
BRDA:51,6,0,0
BRDA:51,6,1,0
BRDA:52,7,0,0
BRDA:52,7,1,0
BRDA:53,8,0,0
BRDA:53,8,1,0
BRDA:54,9,0,0
BRDA:54,9,1,0
BRDA:55,10,0,0
BRDA:55,10,1,0
BRDA:56,11,0,0
BRDA:56,11,1,0
BRDA:57,12,0,0
BRDA:57,12,1,0
BRDA:62,13,0,0
BRDA:62,13,1,0
BRDA:62,14,0,0
BRDA:62,14,1,0
BRDA:66,15,0,0
BRDA:66,15,1,0
BRDA:67,16,0,0
BRDA:67,16,1,0
BRDA:68,17,0,0
BRDA:68,17,1,0
BRDA:69,18,0,0
BRDA:69,18,1,0
BRDA:70,19,0,0
BRDA:70,19,1,0
BRDA:71,20,0,0
BRDA:71,20,1,0
BRDA:72,21,0,0
BRDA:72,21,1,0
BRDA:73,22,0,0
BRDA:73,22,1,0
BRDA:74,23,0,0
BRDA:74,23,1,0
BRDA:75,24,0,0
BRDA:75,24,1,0
BRDA:76,25,0,0
BRDA:76,25,1,0
BRDA:77,26,0,0
BRDA:77,26,1,0
BRDA:82,27,0,0
BRDA:82,27,1,0
BRDA:83,28,0,0
BRDA:83,28,1,0
BRDA:91,29,0,0
BRDA:91,29,1,0
BRDA:116,30,0,1
BRDA:116,30,1,0
BRDA:117,31,0,0
BRDA:117,31,1,1
BRDA:121,32,0,0
BRDA:121,32,1,0
BRDA:127,33,0,0
BRDA:127,33,1,0
BRDA:134,34,0,0
BRDA:134,34,1,0
BRDA:140,35,0,0
BRDA:140,35,1,0
BRDA:163,36,0,0
BRDA:163,36,1,0
BRDA:168,37,0,0
BRDA:168,37,1,0
BRDA:192,38,0,0
BRDA:192,38,1,0
BRF:78
BRH:2
end_of_record
TN:
SF:src\services\farmaciaService.js
FN:6,listAprovadas
FN:16,(anonymous_1)
FN:21,listPendentes
FN:30,aprovar
FN:40,rejeitar
FN:48,getById
FN:52,getByUserId
FNF:7
FNH:0
FNDA:0,listAprovadas
FNDA:0,(anonymous_1)
FNDA:0,listPendentes
FNDA:0,aprovar
FNDA:0,rejeitar
FNDA:0,getById
FNDA:0,getByUserId
DA:4,1
DA:7,0
DA:8,0
DA:14,0
DA:15,0
DA:16,0
DA:18,0
DA:22,0
DA:31,0
DA:37,0
DA:41,0
DA:49,0
DA:53,0
DA:56,1
LF:14
LH:2
BRDA:6,0,0,0
BRDA:11,1,0,0
BRDA:11,1,1,0
BRDA:12,2,0,0
BRDA:12,2,1,0
BRDA:15,3,0,0
BRDA:15,3,1,0
BRDA:21,4,0,0
BRDA:21,5,0,0
BRF:9
BRH:0
end_of_record
TN:
SF:src\utils\asyncHandler.js
FN:4,(anonymous_0)
FN:4,(anonymous_1)
FNF:2
FNH:2
FNDA:33,(anonymous_0)
FNDA:1,(anonymous_1)
DA:4,33
DA:5,1
DA:8,1
LF:3
LH:3
BRF:0
BRH:0
end_of_record
TN:
SF:src\validators\authValidators.js
FNF:0
FNH:0
DA:4,1
DA:6,1
DA:26,1
DA:34,1
DA:36,1
DA:38,1
LF:6
LH:6
BRF:0
BRH:0
end_of_record
TN:
SF:src\validators\entregaValidators.js
FNF:0
FNH:0
DA:1,1
DA:3,1
DA:5,1
DA:12,1
LF:4
LH:4
BRF:0
BRH:0
end_of_record
TN:
SF:src\validators\medicamentoValidators.js
FNF:0
FNH:0
DA:1,1
DA:3,1
DA:17,1
DA:27,1
LF:4
LH:4
BRF:0
BRH:0
end_of_record
TN:
SF:src\validators\pedidoValidators.js
FNF:0
FNH:0
DA:1,1
DA:3,1
DA:22,1
DA:29,1
DA:34,1
LF:5
LH:5
BRF:0
BRH:0
end_of_record
TN:
SF:src\validators\receitaValidators.js
FNF:0
FNH:0
DA:1,1
DA:3,1
DA:10,1
DA:18,1
LF:4
LH:4
BRF:0
BRH:0
end_of_record
